[2020-04-10 15:35:36,259][INFO] fonduer.meta:51 - Setting logging directory to: /lfs/raiders2/0/lwhsiao/repos/hack/hack/transistors/logs/2020-04-10_15-35-36
[2020-04-10 15:35:36,302][INFO] fonduer.meta:135 - Connecting user:lwhsiao to localhost:5432/transistors_tecs_full
[2020-04-10 15:35:36,302][INFO] fonduer.meta:162 - Initializing the storage schema
[2020-04-10 15:35:36,327][INFO] hack.transistors.transistors:180 - Starting parsing...
[2020-04-10 15:35:36,327][INFO] hack.utils.utils:67 - Reloading pre-parsed dataset.
[2020-04-10 15:35:45,867][WARNING] hack.transistors.transistors:186 - Parse Time (min): 0.2
[2020-04-10 15:35:45,867][INFO] hack.transistors.transistors:188 - # of train Documents: 6770
[2020-04-10 15:35:45,867][INFO] hack.transistors.transistors:189 - # of dev Documents: 119
[2020-04-10 15:35:45,867][INFO] hack.transistors.transistors:190 - # of test Documents: 75
[2020-04-10 15:35:45,988][INFO] hack.transistors.transistors:191 - Documents: 6964
[2020-04-10 15:35:46,039][INFO] hack.transistors.transistors:192 - Sections: 6964
[2020-04-10 15:35:48,697][INFO] hack.transistors.transistors:193 - Paragraphs: 3510811
[2020-04-10 15:35:52,152][INFO] hack.transistors.transistors:194 - Sentences: 3645702
[2020-04-10 15:35:53,526][INFO] hack.transistors.transistors:195 - Figures: 216784
[2020-04-10 15:35:53,643][INFO] hack.transistors.transistors:253 - Total Mentions: 220141
[2020-04-10 15:35:53,713][INFO] hack.transistors.transistors:254 - Total Part: 103524
[2020-04-10 15:35:53,751][INFO] hack.transistors.transistors:256 - Total StgTempMin: 21302
[2020-04-10 15:35:53,799][INFO] hack.transistors.transistors:258 - Total StgTempMax: 59728
[2020-04-10 15:35:53,835][INFO] hack.transistors.transistors:260 - Total Polarity: 25173
[2020-04-10 15:35:53,865][INFO] hack.transistors.transistors:262 - Total CeVMax: 10414
[2020-04-10 15:36:40,970][WARNING] hack.transistors.transistors:308 - Candidate Extraction Time (min): 0.8
[2020-04-10 15:36:40,970][INFO] hack.transistors.transistors:310 - Total train candidate: 1571617
[2020-04-10 15:36:40,970][INFO] hack.transistors.transistors:311 - Total dev candidate: 50344
[2020-04-10 15:36:40,970][INFO] hack.transistors.transistors:312 - Total test candidate: 4983
[2020-04-10 15:36:40,971][INFO] hack.transistors.transistors:320 - stg_temp_min
[2020-04-10 15:36:51,799][INFO] hack.transistors.transistors:326 - stg_temp_min Total Dev Recall: 0.676
[2020-04-10 15:36:53,683][INFO] hack.transistors.transistors:332 - stg_temp_min Total Test Recall: 0.588
[2020-04-10 15:36:53,683][INFO] hack.transistors.transistors:320 - stg_temp_max
[2020-04-10 15:37:00,463][INFO] hack.transistors.transistors:326 - stg_temp_max Total Dev Recall: 0.805
[2020-04-10 15:37:02,416][INFO] hack.transistors.transistors:332 - stg_temp_max Total Test Recall: 0.692
[2020-04-10 15:37:02,417][INFO] hack.transistors.transistors:320 - polarity
[2020-04-10 15:37:09,898][INFO] hack.transistors.transistors:326 - polarity Total Dev Recall: 0.917
[2020-04-10 15:37:13,275][INFO] hack.transistors.transistors:332 - polarity Total Test Recall: 0.922
[2020-04-10 15:37:13,276][INFO] hack.transistors.transistors:320 - ce_v_max
[2020-04-10 15:37:15,164][INFO] hack.transistors.transistors:326 - ce_v_max Total Dev Recall: 0.857
[2020-04-10 15:37:16,069][INFO] hack.transistors.transistors:332 - ce_v_max Total Test Recall: 0.781
[2020-04-10 15:37:16,069][INFO] hack.transistors.transistors:357 - Getting feature matrices...
[2020-04-10 15:37:20,071][INFO] hack.transistors.transistors:391 - Done.
[2020-04-10 15:37:20,072][INFO] hack.transistors.transistors:394 - <class 'fonduer.candidates.models.candidate.PartStgTempMin'> Train shape: (174710, 369081)
[2020-04-10 15:37:20,072][INFO] hack.transistors.transistors:395 - <class 'fonduer.candidates.models.candidate.PartStgTempMin'> Test shape: (566, 369081)
[2020-04-10 15:37:20,072][INFO] hack.transistors.transistors:396 - <class 'fonduer.candidates.models.candidate.PartStgTempMin'> Dev shape: (7040, 369081)
[2020-04-10 15:37:20,072][INFO] hack.transistors.transistors:394 - <class 'fonduer.candidates.models.candidate.PartStgTempMax'> Train shape: (639900, 369081)
[2020-04-10 15:37:20,073][INFO] hack.transistors.transistors:395 - <class 'fonduer.candidates.models.candidate.PartStgTempMax'> Test shape: (1621, 369081)
[2020-04-10 15:37:20,073][INFO] hack.transistors.transistors:396 - <class 'fonduer.candidates.models.candidate.PartStgTempMax'> Dev shape: (24879, 369081)
[2020-04-10 15:37:20,073][INFO] hack.transistors.transistors:394 - <class 'fonduer.candidates.models.candidate.PartPolarity'> Train shape: (544801, 369081)
[2020-04-10 15:37:20,073][INFO] hack.transistors.transistors:395 - <class 'fonduer.candidates.models.candidate.PartPolarity'> Test shape: (2007, 369081)
[2020-04-10 15:37:20,073][INFO] hack.transistors.transistors:396 - <class 'fonduer.candidates.models.candidate.PartPolarity'> Dev shape: (12717, 369081)
[2020-04-10 15:37:20,073][INFO] hack.transistors.transistors:394 - <class 'fonduer.candidates.models.candidate.PartCeVMax'> Train shape: (212206, 369081)
[2020-04-10 15:37:20,073][INFO] hack.transistors.transistors:395 - <class 'fonduer.candidates.models.candidate.PartCeVMax'> Test shape: (789, 369081)
[2020-04-10 15:37:20,073][INFO] hack.transistors.transistors:396 - <class 'fonduer.candidates.models.candidate.PartCeVMax'> Dev shape: (5708, 369081)
[2020-04-10 15:37:20,073][INFO] hack.transistors.transistors:398 - Labeling training data...
[2020-04-10 15:37:20,074][INFO] hack.transistors.transistors:436 - Getting label matrices...
[2020-04-10 15:53:18,900][INFO] hack.transistors.transistors:447 - Done.
[2020-04-10 15:53:18,916][WARNING] hack.transistors.transistors:467 - Supervision Time (min): 16.0
[2020-04-10 16:14:00,020][INFO] emmental.meta:115 - Setting logging directory to: /lfs/raiders2/0/lwhsiao/repos/hack/hack/transistors/logs/2020-04-10_15-35-36/2020_04_10/16_14_00/adf924cd
[2020-04-10 16:14:00,058][INFO] emmental.meta:63 - Loading Emmental default config from /lfs/raiders2/0/lwhsiao/repos/hack/.venv/lib/python3.6/site-packages/emmental/emmental-default-config.yaml.
[2020-04-10 16:14:00,059][INFO] emmental.meta:169 - Updating Emmental config from user provided config.
[2020-04-10 16:20:34,903][INFO] emmental.model:56 - Created emmental model transistor_tasks that contains task set().
[2020-04-10 16:20:35,914][INFO] emmental.model:70 - Moving model to GPU (cuda:0).
[2020-04-10 16:20:35,915][INFO] fonduer.learning.task:80 - LogisticRegression model config: {'bias': False}
[2020-04-10 16:20:35,943][INFO] emmental.task:50 - Created task: stg_temp_min
[2020-04-10 16:20:35,971][INFO] emmental.task:50 - Created task: stg_temp_max
[2020-04-10 16:20:35,998][INFO] emmental.task:50 - Created task: polarity
[2020-04-10 16:20:36,026][INFO] emmental.task:50 - Created task: ce_v_max
[2020-04-10 16:20:36,032][INFO] emmental.model:70 - Moving model to GPU (cuda:0).
[2020-04-10 16:20:40,712][INFO] emmental.model:70 - Moving model to GPU (cuda:0).
[2020-04-10 16:20:40,713][INFO] emmental.model:70 - Moving model to GPU (cuda:0).
[2020-04-10 16:20:40,714][INFO] emmental.model:70 - Moving model to GPU (cuda:0).
[2020-04-10 16:20:40,714][INFO] emmental.logging.logging_manager:38 - Evaluating every 1 epoch.
[2020-04-10 16:20:40,715][INFO] emmental.logging.logging_manager:59 - No checkpointing.
[2020-04-10 16:20:40,721][INFO] emmental.learner:101 - Using optimizer Adam (
Parameter Group 0
    amsgrad: False
    betas: (0.9, 0.999)
    eps: 1e-08
    lr: 0.001
    weight_decay: 0.0
)
[2020-04-10 16:20:40,722][INFO] emmental.learner:190 - Using lr_scheduler None with step every 1 batch.
[2020-04-10 16:20:40,722][INFO] emmental.learner:539 - Start learning...
[2020-04-10 16:30:21,805][INFO] emmental.learner:392 - Epoch: 1.00 {'stg_temp_min/stg_temp_min/train/loss': 0.11768002701821649, 'ce_v_max/ce_v_max/train/loss': 0.40810689120003313, 'polarity/polarity/train/loss': 0.3663442935218759, 'stg_temp_max/stg_temp_max/train/loss': 0.4644923716510785, 'model/all/train/loss': 0.3853173642733974, 'stg_temp_min/stg_temp_min/train/accuracy': 0.9921985003720452, 'stg_temp_min/stg_temp_min/train/precision': 0.9815471045808124, 'stg_temp_min/stg_temp_min/train/recall': 0.9987980240688351, 'stg_temp_min/stg_temp_min/train/f1': 0.9900974273653925, 'stg_temp_min/stg_temp_min/train/average': 0.9906602640967713, 'ce_v_max/ce_v_max/train/accuracy': 0.8233499014110989, 'ce_v_max/ce_v_max/train/precision': 0.9533079744599918, 'ce_v_max/ce_v_max/train/recall': 0.8250114629013485, 'ce_v_max/ce_v_max/train/f1': 0.8845317551853883, 'ce_v_max/ce_v_max/train/average': 0.8715502734894569, 'polarity/polarity/train/accuracy': 0.8900265536524461, 'polarity/polarity/train/precision': 0.8810881216236415, 'polarity/polarity/train/recall': 0.9631637739875624, 'polarity/polarity/train/f1': 0.920299621172295, 'polarity/polarity/train/average': 0.9136445176089862, 'stg_temp_max/stg_temp_max/train/accuracy': 0.9680115895281675, 'stg_temp_max/stg_temp_max/train/precision': 0.7966516986528788, 'stg_temp_max/stg_temp_max/train/recall': 0.998295611198837, 'stg_temp_max/stg_temp_max/train/f1': 0.8861473426592874, 'stg_temp_max/stg_temp_max/train/average': 0.9122765605097927, 'model/all/train/micro_average': 0.9220329039262518, 'model/all/train/macro_average': 0.9220329039262518, 'model/all/train/lr': 0.001, 'model/all/all/micro_average': nan, 'model/all/all/macro_average': nan, 'model/all/all/loss': nan}
[2020-04-10 16:40:25,668][INFO] emmental.learner:392 - Epoch: 2.00 {'stg_temp_max/stg_temp_max/train/loss': 0.46326591108093335, 'polarity/polarity/train/loss': 0.35770230266344083, 'stg_temp_min/stg_temp_min/train/loss': 0.10969139819023475, 'ce_v_max/ce_v_max/train/loss': 0.39510336615139785, 'model/all/train/loss': 0.3793528843262663, 'stg_temp_max/stg_temp_max/train/accuracy': 0.9683929062585953, 'stg_temp_max/stg_temp_max/train/precision': 0.7978479784797848, 'stg_temp_max/stg_temp_max/train/recall': 0.9998746772940321, 'stg_temp_max/stg_temp_max/train/f1': 0.8875095248424578, 'stg_temp_max/stg_temp_max/train/average': 0.9134062717187175, 'polarity/polarity/train/accuracy': 0.9003952273766398, 'polarity/polarity/train/precision': 0.8925923412864862, 'polarity/polarity/train/recall': 0.9650277597159006, 'polarity/polarity/train/f1': 0.9273977892319993, 'polarity/polarity/train/average': 0.9213532794027565, 'stg_temp_min/stg_temp_min/train/accuracy': 0.9945509701791541, 'stg_temp_min/stg_temp_min/train/precision': 0.9862374047677562, 'stg_temp_min/stg_temp_min/train/recall': 1.0, 'stg_temp_min/stg_temp_min/train/f1': 0.9930710220242515, 'stg_temp_min/stg_temp_min/train/average': 0.9934648492427904, 'ce_v_max/ce_v_max/train/accuracy': 0.8290338287686753, 'ce_v_max/ce_v_max/train/precision': 0.9583988670329745, 'ce_v_max/ce_v_max/train/recall': 0.8274510034447489, 'ce_v_max/ce_v_max/train/f1': 0.8881240437244664, 'ce_v_max/ce_v_max/train/average': 0.8757519357427161, 'model/all/train/micro_average': 0.9259940840267452, 'model/all/train/macro_average': 0.9259940840267451, 'model/all/train/lr': 0.001, 'model/all/all/micro_average': nan, 'model/all/all/macro_average': nan, 'model/all/all/loss': nan}
[2020-04-10 16:50:20,883][INFO] emmental.learner:392 - Epoch: 3.00 {'stg_temp_max/stg_temp_max/train/loss': 0.46323903451657594, 'ce_v_max/ce_v_max/train/loss': 0.39331972025833356, 'stg_temp_min/stg_temp_min/train/loss': 0.10892221432495429, 'polarity/polarity/train/loss': 0.3570323419226131, 'model/all/train/loss': 0.37879339304883186, 'stg_temp_max/stg_temp_max/train/accuracy': 0.9684647938389218, 'stg_temp_max/stg_temp_max/train/precision': 0.7981972608769595, 'stg_temp_max/stg_temp_max/train/recall': 0.9999122741058225, 'stg_temp_max/stg_temp_max/train/f1': 0.8877403993257414, 'stg_temp_max/stg_temp_max/train/average': 0.9135786820368613, 'ce_v_max/ce_v_max/train/accuracy': 0.8303547754149653, 'ce_v_max/ce_v_max/train/precision': 0.9592316018052729, 'ce_v_max/ce_v_max/train/recall': 0.8283504003197856, 'ce_v_max/ce_v_max/train/f1': 0.8889996435522386, 'ce_v_max/ce_v_max/train/average': 0.8767341052730656, 'stg_temp_min/stg_temp_min/train/accuracy': 0.9944880087001317, 'stg_temp_min/stg_temp_min/train/precision': 0.986094648897112, 'stg_temp_min/stg_temp_min/train/recall': 0.999985341756937, 'stg_temp_min/stg_temp_min/train/f1': 0.9929914194013231, 'stg_temp_min/stg_temp_min/train/average': 0.9933898546888759, 'polarity/polarity/train/accuracy': 0.902243871557697, 'polarity/polarity/train/precision': 0.8948769560418155, 'polarity/polarity/train/recall': 0.9650777772220277, 'polarity/polarity/train/f1': 0.9286525614616021, 'polarity/polarity/train/average': 0.9227127915707856, 'model/all/train/micro_average': 0.9266038583923971, 'model/all/train/macro_average': 0.9266038583923971, 'model/all/train/lr': 0.001, 'model/all/all/micro_average': nan, 'model/all/all/macro_average': nan, 'model/all/all/loss': nan}
[2020-04-10 17:00:19,919][INFO] emmental.learner:392 - Epoch: 4.00 {'polarity/polarity/train/loss': 0.3569930661746805, 'stg_temp_max/stg_temp_max/train/loss': 0.4632443743392878, 'ce_v_max/ce_v_max/train/loss': 0.3924995809120349, 'stg_temp_min/stg_temp_min/train/loss': 0.1087441473203951, 'model/all/train/loss': 0.3786473627557005, 'polarity/polarity/train/accuracy': 0.902274645658214, 'polarity/polarity/train/precision': 0.8950989460398383, 'polarity/polarity/train/recall': 0.964827689691392, 'polarity/polarity/train/f1': 0.9286562508023725, 'polarity/polarity/train/average': 0.9227143830479542, 'stg_temp_max/stg_temp_max/train/accuracy': 0.9689805090890906, 'stg_temp_max/stg_temp_max/train/precision': 0.8008230039644704, 'stg_temp_max/stg_temp_max/train/recall': 0.9999498709176129, 'stg_temp_max/stg_temp_max/train/f1': 0.8893768565839413, 'stg_temp_max/stg_temp_max/train/average': 0.9147825601387787, 'ce_v_max/ce_v_max/train/accuracy': 0.831343074913102, 'ce_v_max/ce_v_max/train/precision': 0.959425828210847, 'ce_v_max/ce_v_max/train/recall': 0.8294261495232609, 'ce_v_max/ce_v_max/train/f1': 0.8897023122662984, 'ce_v_max/ce_v_max/train/average': 0.8774743412283771, 'stg_temp_min/stg_temp_min/train/accuracy': 0.9945109037834126, 'stg_temp_min/stg_temp_min/train/precision': 0.9861376120265973, 'stg_temp_min/stg_temp_min/train/recall': 1.0, 'stg_temp_min/stg_temp_min/train/f1': 0.9930204292545178, 'stg_temp_min/stg_temp_min/train/average': 0.9934172362661319, 'model/all/train/micro_average': 0.9270971301703105, 'model/all/train/macro_average': 0.9270971301703105, 'model/all/train/lr': 0.001, 'model/all/all/micro_average': nan, 'model/all/all/macro_average': nan, 'model/all/all/loss': nan}
[2020-04-10 17:10:05,256][INFO] emmental.learner:392 - Epoch: 5.00 {'stg_temp_max/stg_temp_max/train/loss': 0.46307823918015567, 'ce_v_max/ce_v_max/train/loss': 0.3923365156774576, 'polarity/polarity/train/loss': 0.35703781821478037, 'stg_temp_min/stg_temp_min/train/loss': 0.10831125076576811, 'model/all/train/loss': 0.37851506035468996, 'stg_temp_max/stg_temp_max/train/accuracy': 0.9690711499512414, 'stg_temp_max/stg_temp_max/train/precision': 0.8012834031271654, 'stg_temp_max/stg_temp_max/train/recall': 0.9999624031882096, 'stg_temp_max/stg_temp_max/train/f1': 0.8896656687461323, 'stg_temp_max/stg_temp_max/train/average': 0.9149956562531871, 'ce_v_max/ce_v_max/train/accuracy': 0.8309622180333323, 'ce_v_max/ce_v_max/train/precision': 0.9591478713783513, 'ce_v_max/ce_v_max/train/recall': 0.8292027699072386, 'ce_v_max/ce_v_max/train/f1': 0.8894542863538485, 'ce_v_max/ce_v_max/train/average': 0.8771917864181927, 'polarity/polarity/train/accuracy': 0.9025318292125347, 'polarity/polarity/train/precision': 0.8955258531028676, 'polarity/polarity/train/recall': 0.964687640674236, 'polarity/polarity/train/f1': 0.9288210469202232, 'polarity/polarity/train/average': 0.9228915924774654, 'stg_temp_min/stg_temp_min/train/accuracy': 0.9944937324709519, 'stg_temp_min/stg_temp_min/train/precision': 0.9860948498908692, 'stg_temp_min/stg_temp_min/train/recall': 1.0, 'stg_temp_min/stg_temp_min/train/f1': 0.9929987482169369, 'stg_temp_min/stg_temp_min/train/average': 0.9933968326446895, 'model/all/train/micro_average': 0.9271189669483837, 'model/all/train/macro_average': 0.9271189669483836, 'model/all/train/lr': 0.001, 'model/all/all/micro_average': nan, 'model/all/all/macro_average': nan, 'model/all/all/loss': nan}
[2020-04-10 17:10:06,976][INFO] hack.transistors.transistors:84 - Calculating the best F1 score and threshold (b)...
[2020-04-10 17:10:07,108][INFO] hack.transistors.transistors:104 - b:0.000 f1:0.662 p:0.756 r:0.588
[2020-04-10 17:10:07,231][INFO] hack.transistors.transistors:104 - b:0.010 f1:0.684 p:0.818 r:0.588
[2020-04-10 17:10:07,353][INFO] hack.transistors.transistors:104 - b:0.020 f1:0.711 p:0.900 r:0.588
[2020-04-10 17:10:07,474][INFO] hack.transistors.transistors:104 - b:0.030 f1:0.717 p:0.918 r:0.588
[2020-04-10 17:10:07,593][INFO] hack.transistors.transistors:104 - b:0.040 f1:0.723 p:0.938 r:0.588
[2020-04-10 17:10:07,713][INFO] hack.transistors.transistors:104 - b:0.051 f1:0.723 p:0.938 r:0.588
[2020-04-10 17:10:07,830][INFO] hack.transistors.transistors:104 - b:0.061 f1:0.729 p:0.957 r:0.588
[2020-04-10 17:10:07,947][INFO] hack.transistors.transistors:104 - b:0.071 f1:0.729 p:0.957 r:0.588
[2020-04-10 17:10:08,066][INFO] hack.transistors.transistors:104 - b:0.081 f1:0.729 p:0.957 r:0.588
[2020-04-10 17:10:08,183][INFO] hack.transistors.transistors:104 - b:0.091 f1:0.729 p:0.957 r:0.588
[2020-04-10 17:10:08,299][INFO] hack.transistors.transistors:104 - b:0.101 f1:0.729 p:0.957 r:0.588
[2020-04-10 17:10:08,414][INFO] hack.transistors.transistors:104 - b:0.111 f1:0.729 p:0.957 r:0.588
[2020-04-10 17:10:08,530][INFO] hack.transistors.transistors:104 - b:0.121 f1:0.729 p:0.957 r:0.588
[2020-04-10 17:10:08,646][INFO] hack.transistors.transistors:104 - b:0.131 f1:0.729 p:0.957 r:0.588
[2020-04-10 17:10:08,762][INFO] hack.transistors.transistors:104 - b:0.141 f1:0.729 p:0.957 r:0.588
[2020-04-10 17:10:08,878][INFO] hack.transistors.transistors:104 - b:0.152 f1:0.729 p:0.957 r:0.588
[2020-04-10 17:10:08,995][INFO] hack.transistors.transistors:104 - b:0.162 f1:0.729 p:0.957 r:0.588
[2020-04-10 17:10:09,115][INFO] hack.transistors.transistors:104 - b:0.172 f1:0.729 p:0.957 r:0.588
[2020-04-10 17:10:09,234][INFO] hack.transistors.transistors:104 - b:0.182 f1:0.729 p:0.957 r:0.588
[2020-04-10 17:10:09,353][INFO] hack.transistors.transistors:104 - b:0.192 f1:0.729 p:0.957 r:0.588
[2020-04-10 17:10:09,473][INFO] hack.transistors.transistors:104 - b:0.202 f1:0.729 p:0.957 r:0.588
[2020-04-10 17:10:09,590][INFO] hack.transistors.transistors:104 - b:0.212 f1:0.729 p:0.957 r:0.588
[2020-04-10 17:10:09,708][INFO] hack.transistors.transistors:104 - b:0.222 f1:0.729 p:0.957 r:0.588
[2020-04-10 17:10:09,826][INFO] hack.transistors.transistors:104 - b:0.232 f1:0.729 p:0.957 r:0.588
[2020-04-10 17:10:09,943][INFO] hack.transistors.transistors:104 - b:0.242 f1:0.729 p:0.957 r:0.588
[2020-04-10 17:10:10,059][INFO] hack.transistors.transistors:104 - b:0.253 f1:0.729 p:0.957 r:0.588
[2020-04-10 17:10:10,176][INFO] hack.transistors.transistors:104 - b:0.263 f1:0.729 p:0.957 r:0.588
[2020-04-10 17:10:10,294][INFO] hack.transistors.transistors:104 - b:0.273 f1:0.729 p:0.957 r:0.588
[2020-04-10 17:10:10,410][INFO] hack.transistors.transistors:104 - b:0.283 f1:0.729 p:0.957 r:0.588
[2020-04-10 17:10:10,533][INFO] hack.transistors.transistors:104 - b:0.293 f1:0.729 p:0.957 r:0.588
[2020-04-10 17:10:10,656][INFO] hack.transistors.transistors:104 - b:0.303 f1:0.729 p:0.957 r:0.588
[2020-04-10 17:10:10,776][INFO] hack.transistors.transistors:104 - b:0.313 f1:0.729 p:0.957 r:0.588
[2020-04-10 17:10:10,898][INFO] hack.transistors.transistors:104 - b:0.323 f1:0.729 p:0.957 r:0.588
[2020-04-10 17:10:11,021][INFO] hack.transistors.transistors:104 - b:0.333 f1:0.729 p:0.957 r:0.588
[2020-04-10 17:10:11,146][INFO] hack.transistors.transistors:104 - b:0.343 f1:0.729 p:0.957 r:0.588
[2020-04-10 17:10:11,263][INFO] hack.transistors.transistors:104 - b:0.354 f1:0.729 p:0.957 r:0.588
[2020-04-10 17:10:11,382][INFO] hack.transistors.transistors:104 - b:0.364 f1:0.729 p:0.957 r:0.588
[2020-04-10 17:10:11,498][INFO] hack.transistors.transistors:104 - b:0.374 f1:0.729 p:0.957 r:0.588
[2020-04-10 17:10:11,614][INFO] hack.transistors.transistors:104 - b:0.384 f1:0.729 p:0.957 r:0.588
[2020-04-10 17:10:11,729][INFO] hack.transistors.transistors:104 - b:0.394 f1:0.729 p:0.957 r:0.588
[2020-04-10 17:10:11,844][INFO] hack.transistors.transistors:104 - b:0.404 f1:0.729 p:0.957 r:0.588
[2020-04-10 17:10:11,960][INFO] hack.transistors.transistors:104 - b:0.414 f1:0.729 p:0.957 r:0.588
[2020-04-10 17:10:12,075][INFO] hack.transistors.transistors:104 - b:0.424 f1:0.729 p:0.957 r:0.588
[2020-04-10 17:10:12,191][INFO] hack.transistors.transistors:104 - b:0.434 f1:0.729 p:0.957 r:0.588
[2020-04-10 17:10:12,306][INFO] hack.transistors.transistors:104 - b:0.444 f1:0.729 p:0.957 r:0.588
[2020-04-10 17:10:12,422][INFO] hack.transistors.transistors:104 - b:0.455 f1:0.729 p:0.957 r:0.588
[2020-04-10 17:10:12,537][INFO] hack.transistors.transistors:104 - b:0.465 f1:0.729 p:0.957 r:0.588
[2020-04-10 17:10:12,652][INFO] hack.transistors.transistors:104 - b:0.475 f1:0.729 p:0.957 r:0.588
[2020-04-10 17:10:12,768][INFO] hack.transistors.transistors:104 - b:0.485 f1:0.729 p:0.957 r:0.588
[2020-04-10 17:10:12,884][INFO] hack.transistors.transistors:104 - b:0.495 f1:0.729 p:0.957 r:0.588
[2020-04-10 17:10:12,999][INFO] hack.transistors.transistors:104 - b:0.505 f1:0.729 p:0.957 r:0.588
[2020-04-10 17:10:13,115][INFO] hack.transistors.transistors:104 - b:0.515 f1:0.729 p:0.957 r:0.588
[2020-04-10 17:10:13,231][INFO] hack.transistors.transistors:104 - b:0.525 f1:0.729 p:0.957 r:0.588
[2020-04-10 17:10:13,346][INFO] hack.transistors.transistors:104 - b:0.535 f1:0.729 p:0.957 r:0.588
[2020-04-10 17:10:13,461][INFO] hack.transistors.transistors:104 - b:0.545 f1:0.729 p:0.957 r:0.588
[2020-04-10 17:10:13,577][INFO] hack.transistors.transistors:104 - b:0.556 f1:0.729 p:0.957 r:0.588
[2020-04-10 17:10:13,693][INFO] hack.transistors.transistors:104 - b:0.566 f1:0.729 p:0.957 r:0.588
[2020-04-10 17:10:13,809][INFO] hack.transistors.transistors:104 - b:0.576 f1:0.729 p:0.957 r:0.588
[2020-04-10 17:10:13,924][INFO] hack.transistors.transistors:104 - b:0.586 f1:0.729 p:0.957 r:0.588
[2020-04-10 17:10:14,040][INFO] hack.transistors.transistors:104 - b:0.596 f1:0.729 p:0.957 r:0.588
[2020-04-10 17:10:14,155][INFO] hack.transistors.transistors:104 - b:0.606 f1:0.729 p:0.957 r:0.588
[2020-04-10 17:10:14,271][INFO] hack.transistors.transistors:104 - b:0.616 f1:0.729 p:0.957 r:0.588
[2020-04-10 17:10:14,387][INFO] hack.transistors.transistors:104 - b:0.626 f1:0.729 p:0.957 r:0.588
[2020-04-10 17:10:14,502][INFO] hack.transistors.transistors:104 - b:0.636 f1:0.729 p:0.957 r:0.588
[2020-04-10 17:10:14,618][INFO] hack.transistors.transistors:104 - b:0.646 f1:0.729 p:0.957 r:0.588
[2020-04-10 17:10:14,733][INFO] hack.transistors.transistors:104 - b:0.657 f1:0.729 p:0.957 r:0.588
[2020-04-10 17:10:14,849][INFO] hack.transistors.transistors:104 - b:0.667 f1:0.729 p:0.957 r:0.588
[2020-04-10 17:10:14,965][INFO] hack.transistors.transistors:104 - b:0.677 f1:0.729 p:0.957 r:0.588
[2020-04-10 17:10:15,081][INFO] hack.transistors.transistors:104 - b:0.687 f1:0.729 p:0.957 r:0.588
[2020-04-10 17:10:15,196][INFO] hack.transistors.transistors:104 - b:0.697 f1:0.729 p:0.957 r:0.588
[2020-04-10 17:10:15,312][INFO] hack.transistors.transistors:104 - b:0.707 f1:0.729 p:0.957 r:0.588
[2020-04-10 17:10:15,428][INFO] hack.transistors.transistors:104 - b:0.717 f1:0.729 p:0.957 r:0.588
[2020-04-10 17:10:15,543][INFO] hack.transistors.transistors:104 - b:0.727 f1:0.729 p:0.957 r:0.588
[2020-04-10 17:10:15,658][INFO] hack.transistors.transistors:104 - b:0.737 f1:0.729 p:0.957 r:0.588
[2020-04-10 17:10:15,773][INFO] hack.transistors.transistors:104 - b:0.747 f1:0.729 p:0.957 r:0.588
[2020-04-10 17:10:15,889][INFO] hack.transistors.transistors:104 - b:0.758 f1:0.729 p:0.957 r:0.588
[2020-04-10 17:10:16,008][INFO] hack.transistors.transistors:104 - b:0.768 f1:0.729 p:0.957 r:0.588
[2020-04-10 17:10:16,123][INFO] hack.transistors.transistors:104 - b:0.778 f1:0.729 p:0.957 r:0.588
[2020-04-10 17:10:16,240][INFO] hack.transistors.transistors:104 - b:0.788 f1:0.729 p:0.957 r:0.588
[2020-04-10 17:10:16,355][INFO] hack.transistors.transistors:104 - b:0.798 f1:0.729 p:0.957 r:0.588
[2020-04-10 17:10:16,488][INFO] hack.transistors.transistors:104 - b:0.808 f1:0.729 p:0.957 r:0.588
[2020-04-10 17:10:16,604][INFO] hack.transistors.transistors:104 - b:0.818 f1:0.729 p:0.957 r:0.588
[2020-04-10 17:10:16,720][INFO] hack.transistors.transistors:104 - b:0.828 f1:0.729 p:0.957 r:0.588
[2020-04-10 17:10:16,837][INFO] hack.transistors.transistors:104 - b:0.838 f1:0.729 p:0.957 r:0.588
[2020-04-10 17:10:16,953][INFO] hack.transistors.transistors:104 - b:0.848 f1:0.729 p:0.957 r:0.588
[2020-04-10 17:10:17,068][INFO] hack.transistors.transistors:104 - b:0.859 f1:0.729 p:0.957 r:0.588
[2020-04-10 17:10:17,183][INFO] hack.transistors.transistors:104 - b:0.869 f1:0.729 p:0.957 r:0.588
[2020-04-10 17:10:17,299][INFO] hack.transistors.transistors:104 - b:0.879 f1:0.729 p:0.957 r:0.588
[2020-04-10 17:10:17,414][INFO] hack.transistors.transistors:104 - b:0.889 f1:0.729 p:0.957 r:0.588
[2020-04-10 17:10:17,530][INFO] hack.transistors.transistors:104 - b:0.899 f1:0.729 p:0.957 r:0.588
[2020-04-10 17:10:17,645][INFO] hack.transistors.transistors:104 - b:0.909 f1:0.729 p:0.957 r:0.588
[2020-04-10 17:10:17,761][INFO] hack.transistors.transistors:104 - b:0.919 f1:0.729 p:0.957 r:0.588
[2020-04-10 17:10:17,876][INFO] hack.transistors.transistors:104 - b:0.929 f1:0.729 p:0.957 r:0.588
[2020-04-10 17:10:17,993][INFO] hack.transistors.transistors:104 - b:0.939 f1:0.729 p:0.957 r:0.588
[2020-04-10 17:10:18,109][INFO] hack.transistors.transistors:104 - b:0.949 f1:0.729 p:0.957 r:0.588
[2020-04-10 17:10:18,225][INFO] hack.transistors.transistors:104 - b:0.960 f1:0.729 p:0.957 r:0.588
[2020-04-10 17:10:18,340][INFO] hack.transistors.transistors:104 - b:0.970 f1:0.729 p:0.957 r:0.588
[2020-04-10 17:10:18,456][INFO] hack.transistors.transistors:104 - b:0.980 f1:0.729 p:0.957 r:0.588
[2020-04-10 17:10:18,573][INFO] hack.transistors.transistors:104 - b:0.990 f1:0.729 p:0.957 r:0.588
[2020-04-10 17:10:18,682][INFO] hack.transistors.transistors:104 - b:1.000 f1:nan p:nan r:0.000
[2020-04-10 17:10:18,682][WARNING] hack.transistors.transistors:113 - ===================================================
[2020-04-10 17:10:18,682][WARNING] hack.transistors.transistors:114 - Entity-Level Gold Data score for stg_temp_min, b=0.061
[2020-04-10 17:10:18,682][WARNING] hack.transistors.transistors:115 - ===================================================
[2020-04-10 17:10:18,682][WARNING] hack.transistors.transistors:116 - Corpus Precision 0.957
[2020-04-10 17:10:18,682][WARNING] hack.transistors.transistors:117 - Corpus Recall    0.588
[2020-04-10 17:10:18,683][WARNING] hack.transistors.transistors:118 - Corpus F1        0.729
[2020-04-10 17:10:18,683][WARNING] hack.transistors.transistors:119 - ---------------------------------------------------
[2020-04-10 17:10:18,683][WARNING] hack.transistors.transistors:121 - TP: 90 | FP: 4 | FN: 63
[2020-04-10 17:10:18,683][WARNING] hack.transistors.transistors:125 - ===================================================

[2020-04-10 17:10:20,853][INFO] hack.transistors.transistors:84 - Calculating the best F1 score and threshold (b)...
[2020-04-10 17:10:21,011][INFO] hack.transistors.transistors:104 - b:0.000 f1:0.483 p:0.371 r:0.692
[2020-04-10 17:10:21,160][INFO] hack.transistors.transistors:104 - b:0.010 f1:0.511 p:0.404 r:0.692
[2020-04-10 17:10:21,304][INFO] hack.transistors.transistors:104 - b:0.020 f1:0.523 p:0.420 r:0.692
[2020-04-10 17:10:21,446][INFO] hack.transistors.transistors:104 - b:0.030 f1:0.536 p:0.437 r:0.692
[2020-04-10 17:10:21,584][INFO] hack.transistors.transistors:104 - b:0.040 f1:0.547 p:0.452 r:0.692
[2020-04-10 17:10:21,723][INFO] hack.transistors.transistors:104 - b:0.051 f1:0.551 p:0.458 r:0.692
[2020-04-10 17:10:21,860][INFO] hack.transistors.transistors:104 - b:0.061 f1:0.562 p:0.474 r:0.692
[2020-04-10 17:10:21,998][INFO] hack.transistors.transistors:104 - b:0.071 f1:0.568 p:0.482 r:0.692
[2020-04-10 17:10:22,131][INFO] hack.transistors.transistors:104 - b:0.081 f1:0.574 p:0.491 r:0.692
[2020-04-10 17:10:22,262][INFO] hack.transistors.transistors:104 - b:0.091 f1:0.595 p:0.522 r:0.692
[2020-04-10 17:10:22,393][INFO] hack.transistors.transistors:104 - b:0.101 f1:0.598 p:0.527 r:0.692
[2020-04-10 17:10:22,526][INFO] hack.transistors.transistors:104 - b:0.111 f1:0.605 p:0.537 r:0.692
[2020-04-10 17:10:22,653][INFO] hack.transistors.transistors:104 - b:0.121 f1:0.608 p:0.543 r:0.692
[2020-04-10 17:10:22,782][INFO] hack.transistors.transistors:104 - b:0.131 f1:0.605 p:0.553 r:0.667
[2020-04-10 17:10:22,909][INFO] hack.transistors.transistors:104 - b:0.141 f1:0.597 p:0.559 r:0.641
[2020-04-10 17:10:23,034][INFO] hack.transistors.transistors:104 - b:0.152 f1:0.576 p:0.546 r:0.609
[2020-04-10 17:10:23,159][INFO] hack.transistors.transistors:104 - b:0.162 f1:0.597 p:0.586 r:0.609
[2020-04-10 17:10:23,285][INFO] hack.transistors.transistors:104 - b:0.172 f1:0.599 p:0.590 r:0.609
[2020-04-10 17:10:23,411][INFO] hack.transistors.transistors:104 - b:0.182 f1:0.603 p:0.597 r:0.609
[2020-04-10 17:10:23,539][INFO] hack.transistors.transistors:104 - b:0.192 f1:0.613 p:0.617 r:0.609
[2020-04-10 17:10:23,664][INFO] hack.transistors.transistors:104 - b:0.202 f1:0.615 p:0.621 r:0.609
[2020-04-10 17:10:23,788][INFO] hack.transistors.transistors:104 - b:0.212 f1:0.623 p:0.638 r:0.609
[2020-04-10 17:10:23,912][INFO] hack.transistors.transistors:104 - b:0.222 f1:0.625 p:0.642 r:0.609
[2020-04-10 17:10:24,039][INFO] hack.transistors.transistors:104 - b:0.232 f1:0.629 p:0.651 r:0.609
[2020-04-10 17:10:24,162][INFO] hack.transistors.transistors:104 - b:0.242 f1:0.638 p:0.669 r:0.609
[2020-04-10 17:10:24,285][INFO] hack.transistors.transistors:104 - b:0.253 f1:0.638 p:0.669 r:0.609
[2020-04-10 17:10:24,409][INFO] hack.transistors.transistors:104 - b:0.263 f1:0.638 p:0.669 r:0.609
[2020-04-10 17:10:24,532][INFO] hack.transistors.transistors:104 - b:0.273 f1:0.638 p:0.669 r:0.609
[2020-04-10 17:10:24,655][INFO] hack.transistors.transistors:104 - b:0.283 f1:0.638 p:0.669 r:0.609
[2020-04-10 17:10:24,794][INFO] hack.transistors.transistors:104 - b:0.293 f1:0.638 p:0.669 r:0.609
[2020-04-10 17:10:24,920][INFO] hack.transistors.transistors:104 - b:0.303 f1:0.646 p:0.688 r:0.609
[2020-04-10 17:10:25,044][INFO] hack.transistors.transistors:104 - b:0.313 f1:0.655 p:0.709 r:0.609
[2020-04-10 17:10:25,174][INFO] hack.transistors.transistors:104 - b:0.323 f1:0.671 p:0.748 r:0.609
[2020-04-10 17:10:25,305][INFO] hack.transistors.transistors:104 - b:0.333 f1:0.671 p:0.748 r:0.609
[2020-04-10 17:10:25,437][INFO] hack.transistors.transistors:104 - b:0.343 f1:0.671 p:0.748 r:0.609
[2020-04-10 17:10:25,561][INFO] hack.transistors.transistors:104 - b:0.354 f1:0.671 p:0.748 r:0.609
[2020-04-10 17:10:25,682][INFO] hack.transistors.transistors:104 - b:0.364 f1:0.671 p:0.748 r:0.609
[2020-04-10 17:10:25,803][INFO] hack.transistors.transistors:104 - b:0.374 f1:0.676 p:0.760 r:0.609
[2020-04-10 17:10:25,924][INFO] hack.transistors.transistors:104 - b:0.384 f1:0.676 p:0.760 r:0.609
[2020-04-10 17:10:26,043][INFO] hack.transistors.transistors:104 - b:0.394 f1:0.679 p:0.766 r:0.609
[2020-04-10 17:10:26,163][INFO] hack.transistors.transistors:104 - b:0.404 f1:0.679 p:0.766 r:0.609
[2020-04-10 17:10:26,282][INFO] hack.transistors.transistors:104 - b:0.414 f1:0.679 p:0.766 r:0.609
[2020-04-10 17:10:26,401][INFO] hack.transistors.transistors:104 - b:0.424 f1:0.679 p:0.766 r:0.609
[2020-04-10 17:10:26,521][INFO] hack.transistors.transistors:104 - b:0.434 f1:0.679 p:0.766 r:0.609
[2020-04-10 17:10:26,640][INFO] hack.transistors.transistors:104 - b:0.444 f1:0.681 p:0.772 r:0.609
[2020-04-10 17:10:26,759][INFO] hack.transistors.transistors:104 - b:0.455 f1:0.681 p:0.772 r:0.609
[2020-04-10 17:10:26,877][INFO] hack.transistors.transistors:104 - b:0.465 f1:0.683 p:0.779 r:0.609
[2020-04-10 17:10:26,998][INFO] hack.transistors.transistors:104 - b:0.475 f1:0.686 p:0.785 r:0.609
[2020-04-10 17:10:27,118][INFO] hack.transistors.transistors:104 - b:0.485 f1:0.686 p:0.785 r:0.609
[2020-04-10 17:10:27,236][INFO] hack.transistors.transistors:104 - b:0.495 f1:0.686 p:0.785 r:0.609
[2020-04-10 17:10:27,355][INFO] hack.transistors.transistors:104 - b:0.505 f1:0.686 p:0.785 r:0.609
[2020-04-10 17:10:27,473][INFO] hack.transistors.transistors:104 - b:0.515 f1:0.691 p:0.798 r:0.609
[2020-04-10 17:10:27,591][INFO] hack.transistors.transistors:104 - b:0.525 f1:0.704 p:0.833 r:0.609
[2020-04-10 17:10:27,711][INFO] hack.transistors.transistors:104 - b:0.535 f1:0.706 p:0.841 r:0.609
[2020-04-10 17:10:27,831][INFO] hack.transistors.transistors:104 - b:0.545 f1:0.706 p:0.841 r:0.609
[2020-04-10 17:10:27,949][INFO] hack.transistors.transistors:104 - b:0.556 f1:0.706 p:0.841 r:0.609
[2020-04-10 17:10:28,067][INFO] hack.transistors.transistors:104 - b:0.566 f1:0.706 p:0.841 r:0.609
[2020-04-10 17:10:28,184][INFO] hack.transistors.transistors:104 - b:0.576 f1:0.706 p:0.841 r:0.609
[2020-04-10 17:10:28,301][INFO] hack.transistors.transistors:104 - b:0.586 f1:0.712 p:0.856 r:0.609
[2020-04-10 17:10:28,420][INFO] hack.transistors.transistors:104 - b:0.596 f1:0.712 p:0.856 r:0.609
[2020-04-10 17:10:28,538][INFO] hack.transistors.transistors:104 - b:0.606 f1:0.714 p:0.864 r:0.609
[2020-04-10 17:10:28,658][INFO] hack.transistors.transistors:104 - b:0.616 f1:0.714 p:0.864 r:0.609
[2020-04-10 17:10:28,776][INFO] hack.transistors.transistors:104 - b:0.626 f1:0.717 p:0.872 r:0.609
[2020-04-10 17:10:28,893][INFO] hack.transistors.transistors:104 - b:0.636 f1:0.717 p:0.872 r:0.609
[2020-04-10 17:10:29,011][INFO] hack.transistors.transistors:104 - b:0.646 f1:0.717 p:0.872 r:0.609
[2020-04-10 17:10:29,129][INFO] hack.transistors.transistors:104 - b:0.657 f1:0.720 p:0.880 r:0.609
[2020-04-10 17:10:29,247][INFO] hack.transistors.transistors:104 - b:0.667 f1:0.720 p:0.880 r:0.609
[2020-04-10 17:10:29,364][INFO] hack.transistors.transistors:104 - b:0.677 f1:0.725 p:0.896 r:0.609
[2020-04-10 17:10:29,482][INFO] hack.transistors.transistors:104 - b:0.687 f1:0.725 p:0.896 r:0.609
[2020-04-10 17:10:29,599][INFO] hack.transistors.transistors:104 - b:0.697 f1:0.725 p:0.896 r:0.609
[2020-04-10 17:10:29,717][INFO] hack.transistors.transistors:104 - b:0.707 f1:0.725 p:0.896 r:0.609
[2020-04-10 17:10:29,835][INFO] hack.transistors.transistors:104 - b:0.717 f1:0.725 p:0.896 r:0.609
[2020-04-10 17:10:29,953][INFO] hack.transistors.transistors:104 - b:0.727 f1:0.725 p:0.896 r:0.609
[2020-04-10 17:10:30,071][INFO] hack.transistors.transistors:104 - b:0.737 f1:0.728 p:0.905 r:0.609
[2020-04-10 17:10:30,188][INFO] hack.transistors.transistors:104 - b:0.747 f1:0.728 p:0.905 r:0.609
[2020-04-10 17:10:30,305][INFO] hack.transistors.transistors:104 - b:0.758 f1:0.728 p:0.905 r:0.609
[2020-04-10 17:10:30,423][INFO] hack.transistors.transistors:104 - b:0.768 f1:0.728 p:0.905 r:0.609
[2020-04-10 17:10:30,541][INFO] hack.transistors.transistors:104 - b:0.778 f1:0.728 p:0.905 r:0.609
[2020-04-10 17:10:30,657][INFO] hack.transistors.transistors:104 - b:0.788 f1:0.728 p:0.905 r:0.609
[2020-04-10 17:10:30,774][INFO] hack.transistors.transistors:104 - b:0.798 f1:0.736 p:0.931 r:0.609
[2020-04-10 17:10:30,892][INFO] hack.transistors.transistors:104 - b:0.808 f1:0.736 p:0.931 r:0.609
[2020-04-10 17:10:31,009][INFO] hack.transistors.transistors:104 - b:0.818 f1:0.736 p:0.931 r:0.609
[2020-04-10 17:10:31,126][INFO] hack.transistors.transistors:104 - b:0.828 f1:0.736 p:0.931 r:0.609
[2020-04-10 17:10:31,243][INFO] hack.transistors.transistors:104 - b:0.838 f1:0.736 p:0.931 r:0.609
[2020-04-10 17:10:31,360][INFO] hack.transistors.transistors:104 - b:0.848 f1:0.736 p:0.931 r:0.609
[2020-04-10 17:10:31,477][INFO] hack.transistors.transistors:104 - b:0.859 f1:0.736 p:0.931 r:0.609
[2020-04-10 17:10:31,594][INFO] hack.transistors.transistors:104 - b:0.869 f1:0.736 p:0.931 r:0.609
[2020-04-10 17:10:31,711][INFO] hack.transistors.transistors:104 - b:0.879 f1:0.742 p:0.950 r:0.609
[2020-04-10 17:10:31,828][INFO] hack.transistors.transistors:104 - b:0.889 f1:0.742 p:0.950 r:0.609
[2020-04-10 17:10:31,946][INFO] hack.transistors.transistors:104 - b:0.899 f1:0.742 p:0.950 r:0.609
[2020-04-10 17:10:32,063][INFO] hack.transistors.transistors:104 - b:0.909 f1:0.742 p:0.950 r:0.609
[2020-04-10 17:10:32,182][INFO] hack.transistors.transistors:104 - b:0.919 f1:0.742 p:0.950 r:0.609
[2020-04-10 17:10:32,299][INFO] hack.transistors.transistors:104 - b:0.929 f1:0.742 p:0.950 r:0.609
[2020-04-10 17:10:32,418][INFO] hack.transistors.transistors:104 - b:0.939 f1:0.742 p:0.950 r:0.609
[2020-04-10 17:10:32,535][INFO] hack.transistors.transistors:104 - b:0.949 f1:0.742 p:0.950 r:0.609
[2020-04-10 17:10:32,654][INFO] hack.transistors.transistors:104 - b:0.960 f1:0.742 p:0.950 r:0.609
[2020-04-10 17:10:32,771][INFO] hack.transistors.transistors:104 - b:0.970 f1:0.742 p:0.950 r:0.609
[2020-04-10 17:10:32,890][INFO] hack.transistors.transistors:104 - b:0.980 f1:0.742 p:0.950 r:0.609
[2020-04-10 17:10:33,007][INFO] hack.transistors.transistors:104 - b:0.990 f1:0.742 p:0.950 r:0.609
[2020-04-10 17:10:33,120][INFO] hack.transistors.transistors:104 - b:1.000 f1:nan p:nan r:0.000
[2020-04-10 17:10:33,120][WARNING] hack.transistors.transistors:113 - ===================================================
[2020-04-10 17:10:33,120][WARNING] hack.transistors.transistors:114 - Entity-Level Gold Data score for stg_temp_max, b=0.879
[2020-04-10 17:10:33,120][WARNING] hack.transistors.transistors:115 - ===================================================
[2020-04-10 17:10:33,120][WARNING] hack.transistors.transistors:116 - Corpus Precision 0.950
[2020-04-10 17:10:33,120][WARNING] hack.transistors.transistors:117 - Corpus Recall    0.609
[2020-04-10 17:10:33,120][WARNING] hack.transistors.transistors:118 - Corpus F1        0.742
[2020-04-10 17:10:33,120][WARNING] hack.transistors.transistors:119 - ---------------------------------------------------
[2020-04-10 17:10:33,120][WARNING] hack.transistors.transistors:121 - TP: 95 | FP: 5 | FN: 61
[2020-04-10 17:10:33,121][WARNING] hack.transistors.transistors:125 - ===================================================

[2020-04-10 17:10:34,124][INFO] hack.transistors.transistors:84 - Calculating the best F1 score and threshold (b)...
[2020-04-10 17:10:34,297][INFO] hack.transistors.transistors:104 - b:0.000 f1:0.890 p:0.860 r:0.922
[2020-04-10 17:10:34,463][INFO] hack.transistors.transistors:104 - b:0.010 f1:0.890 p:0.860 r:0.922
[2020-04-10 17:10:34,630][INFO] hack.transistors.transistors:104 - b:0.020 f1:0.890 p:0.860 r:0.922
[2020-04-10 17:10:34,795][INFO] hack.transistors.transistors:104 - b:0.030 f1:0.890 p:0.860 r:0.922
[2020-04-10 17:10:34,960][INFO] hack.transistors.transistors:104 - b:0.040 f1:0.868 p:0.854 r:0.882
[2020-04-10 17:10:35,121][INFO] hack.transistors.transistors:104 - b:0.051 f1:0.868 p:0.854 r:0.882
[2020-04-10 17:10:35,279][INFO] hack.transistors.transistors:104 - b:0.061 f1:0.868 p:0.854 r:0.882
[2020-04-10 17:10:35,438][INFO] hack.transistors.transistors:104 - b:0.071 f1:0.868 p:0.854 r:0.882
[2020-04-10 17:10:35,595][INFO] hack.transistors.transistors:104 - b:0.081 f1:0.868 p:0.854 r:0.882
[2020-04-10 17:10:35,750][INFO] hack.transistors.transistors:104 - b:0.091 f1:0.868 p:0.854 r:0.882
[2020-04-10 17:10:35,903][INFO] hack.transistors.transistors:104 - b:0.101 f1:0.868 p:0.854 r:0.882
[2020-04-10 17:10:36,055][INFO] hack.transistors.transistors:104 - b:0.111 f1:0.868 p:0.854 r:0.882
[2020-04-10 17:10:36,206][INFO] hack.transistors.transistors:104 - b:0.121 f1:0.850 p:0.850 r:0.850
[2020-04-10 17:10:36,359][INFO] hack.transistors.transistors:104 - b:0.131 f1:0.850 p:0.850 r:0.850
[2020-04-10 17:10:36,513][INFO] hack.transistors.transistors:104 - b:0.141 f1:0.850 p:0.850 r:0.850
[2020-04-10 17:10:36,667][INFO] hack.transistors.transistors:104 - b:0.152 f1:0.850 p:0.850 r:0.850
[2020-04-10 17:10:36,817][INFO] hack.transistors.transistors:104 - b:0.162 f1:0.850 p:0.850 r:0.850
[2020-04-10 17:10:36,969][INFO] hack.transistors.transistors:104 - b:0.172 f1:0.850 p:0.850 r:0.850
[2020-04-10 17:10:37,119][INFO] hack.transistors.transistors:104 - b:0.182 f1:0.850 p:0.850 r:0.850
[2020-04-10 17:10:37,267][INFO] hack.transistors.transistors:104 - b:0.192 f1:0.850 p:0.850 r:0.850
[2020-04-10 17:10:37,417][INFO] hack.transistors.transistors:104 - b:0.202 f1:0.850 p:0.850 r:0.850
[2020-04-10 17:10:37,574][INFO] hack.transistors.transistors:104 - b:0.212 f1:0.850 p:0.850 r:0.850
[2020-04-10 17:10:37,732][INFO] hack.transistors.transistors:104 - b:0.222 f1:0.850 p:0.850 r:0.850
[2020-04-10 17:10:37,879][INFO] hack.transistors.transistors:104 - b:0.232 f1:0.850 p:0.850 r:0.850
[2020-04-10 17:10:38,043][INFO] hack.transistors.transistors:104 - b:0.242 f1:0.850 p:0.850 r:0.850
[2020-04-10 17:10:38,202][INFO] hack.transistors.transistors:104 - b:0.253 f1:0.850 p:0.850 r:0.850
[2020-04-10 17:10:38,348][INFO] hack.transistors.transistors:104 - b:0.263 f1:0.850 p:0.850 r:0.850
[2020-04-10 17:10:38,492][INFO] hack.transistors.transistors:104 - b:0.273 f1:0.850 p:0.850 r:0.850
[2020-04-10 17:10:38,635][INFO] hack.transistors.transistors:104 - b:0.283 f1:0.850 p:0.850 r:0.850
[2020-04-10 17:10:38,779][INFO] hack.transistors.transistors:104 - b:0.293 f1:0.850 p:0.850 r:0.850
[2020-04-10 17:10:38,920][INFO] hack.transistors.transistors:104 - b:0.303 f1:0.850 p:0.850 r:0.850
[2020-04-10 17:10:39,063][INFO] hack.transistors.transistors:104 - b:0.313 f1:0.850 p:0.850 r:0.850
[2020-04-10 17:10:39,203][INFO] hack.transistors.transistors:104 - b:0.323 f1:0.846 p:0.849 r:0.843
[2020-04-10 17:10:39,344][INFO] hack.transistors.transistors:104 - b:0.333 f1:0.846 p:0.849 r:0.843
[2020-04-10 17:10:39,484][INFO] hack.transistors.transistors:104 - b:0.343 f1:0.838 p:0.847 r:0.830
[2020-04-10 17:10:39,626][INFO] hack.transistors.transistors:104 - b:0.354 f1:0.838 p:0.847 r:0.830
[2020-04-10 17:10:39,766][INFO] hack.transistors.transistors:104 - b:0.364 f1:0.838 p:0.847 r:0.830
[2020-04-10 17:10:39,905][INFO] hack.transistors.transistors:104 - b:0.374 f1:0.838 p:0.847 r:0.830
[2020-04-10 17:10:40,045][INFO] hack.transistors.transistors:104 - b:0.384 f1:0.838 p:0.847 r:0.830
[2020-04-10 17:10:40,184][INFO] hack.transistors.transistors:104 - b:0.394 f1:0.838 p:0.847 r:0.830
[2020-04-10 17:10:40,322][INFO] hack.transistors.transistors:104 - b:0.404 f1:0.838 p:0.847 r:0.830
[2020-04-10 17:10:40,460][INFO] hack.transistors.transistors:104 - b:0.414 f1:0.838 p:0.847 r:0.830
[2020-04-10 17:10:40,598][INFO] hack.transistors.transistors:104 - b:0.424 f1:0.838 p:0.847 r:0.830
[2020-04-10 17:10:40,735][INFO] hack.transistors.transistors:104 - b:0.434 f1:0.838 p:0.847 r:0.830
[2020-04-10 17:10:40,872][INFO] hack.transistors.transistors:104 - b:0.444 f1:0.841 p:0.852 r:0.830
[2020-04-10 17:10:41,008][INFO] hack.transistors.transistors:104 - b:0.455 f1:0.833 p:0.850 r:0.817
[2020-04-10 17:10:41,144][INFO] hack.transistors.transistors:104 - b:0.465 f1:0.833 p:0.850 r:0.817
[2020-04-10 17:10:41,279][INFO] hack.transistors.transistors:104 - b:0.475 f1:0.833 p:0.850 r:0.817
[2020-04-10 17:10:41,415][INFO] hack.transistors.transistors:104 - b:0.485 f1:0.833 p:0.850 r:0.817
[2020-04-10 17:10:41,550][INFO] hack.transistors.transistors:104 - b:0.495 f1:0.836 p:0.856 r:0.817
[2020-04-10 17:10:41,685][INFO] hack.transistors.transistors:104 - b:0.505 f1:0.836 p:0.856 r:0.817
[2020-04-10 17:10:41,820][INFO] hack.transistors.transistors:104 - b:0.515 f1:0.836 p:0.856 r:0.817
[2020-04-10 17:10:41,954][INFO] hack.transistors.transistors:104 - b:0.525 f1:0.836 p:0.856 r:0.817
[2020-04-10 17:10:42,088][INFO] hack.transistors.transistors:104 - b:0.535 f1:0.836 p:0.856 r:0.817
[2020-04-10 17:10:42,221][INFO] hack.transistors.transistors:104 - b:0.545 f1:0.836 p:0.856 r:0.817
[2020-04-10 17:10:42,353][INFO] hack.transistors.transistors:104 - b:0.556 f1:0.836 p:0.856 r:0.817
[2020-04-10 17:10:42,485][INFO] hack.transistors.transistors:104 - b:0.566 f1:0.836 p:0.856 r:0.817
[2020-04-10 17:10:42,619][INFO] hack.transistors.transistors:104 - b:0.576 f1:0.836 p:0.856 r:0.817
[2020-04-10 17:10:42,751][INFO] hack.transistors.transistors:104 - b:0.586 f1:0.832 p:0.855 r:0.810
[2020-04-10 17:10:42,884][INFO] hack.transistors.transistors:104 - b:0.596 f1:0.832 p:0.855 r:0.810
[2020-04-10 17:10:43,018][INFO] hack.transistors.transistors:104 - b:0.606 f1:0.832 p:0.855 r:0.810
[2020-04-10 17:10:43,150][INFO] hack.transistors.transistors:104 - b:0.616 f1:0.832 p:0.855 r:0.810
[2020-04-10 17:10:43,280][INFO] hack.transistors.transistors:104 - b:0.626 f1:0.832 p:0.855 r:0.810
[2020-04-10 17:10:43,412][INFO] hack.transistors.transistors:104 - b:0.636 f1:0.832 p:0.855 r:0.810
[2020-04-10 17:10:43,542][INFO] hack.transistors.transistors:104 - b:0.646 f1:0.832 p:0.855 r:0.810
[2020-04-10 17:10:43,673][INFO] hack.transistors.transistors:104 - b:0.657 f1:0.835 p:0.861 r:0.810
[2020-04-10 17:10:43,803][INFO] hack.transistors.transistors:104 - b:0.667 f1:0.835 p:0.861 r:0.810
[2020-04-10 17:10:43,933][INFO] hack.transistors.transistors:104 - b:0.677 f1:0.835 p:0.861 r:0.810
[2020-04-10 17:10:44,063][INFO] hack.transistors.transistors:104 - b:0.687 f1:0.835 p:0.861 r:0.810
[2020-04-10 17:10:44,193][INFO] hack.transistors.transistors:104 - b:0.697 f1:0.835 p:0.861 r:0.810
[2020-04-10 17:10:44,321][INFO] hack.transistors.transistors:104 - b:0.707 f1:0.835 p:0.861 r:0.810
[2020-04-10 17:10:44,450][INFO] hack.transistors.transistors:104 - b:0.717 f1:0.831 p:0.860 r:0.804
[2020-04-10 17:10:44,577][INFO] hack.transistors.transistors:104 - b:0.727 f1:0.836 p:0.878 r:0.797
[2020-04-10 17:10:44,705][INFO] hack.transistors.transistors:104 - b:0.737 f1:0.836 p:0.878 r:0.797
[2020-04-10 17:10:44,833][INFO] hack.transistors.transistors:104 - b:0.747 f1:0.836 p:0.878 r:0.797
[2020-04-10 17:10:44,962][INFO] hack.transistors.transistors:104 - b:0.758 f1:0.832 p:0.877 r:0.791
[2020-04-10 17:10:45,088][INFO] hack.transistors.transistors:104 - b:0.768 f1:0.824 p:0.875 r:0.778
[2020-04-10 17:10:45,217][INFO] hack.transistors.transistors:104 - b:0.778 f1:0.819 p:0.874 r:0.771
[2020-04-10 17:10:45,344][INFO] hack.transistors.transistors:104 - b:0.788 f1:0.819 p:0.874 r:0.771
[2020-04-10 17:10:45,470][INFO] hack.transistors.transistors:104 - b:0.798 f1:0.825 p:0.887 r:0.771
[2020-04-10 17:10:45,597][INFO] hack.transistors.transistors:104 - b:0.808 f1:0.825 p:0.887 r:0.771
[2020-04-10 17:10:45,721][INFO] hack.transistors.transistors:104 - b:0.818 f1:0.809 p:0.884 r:0.745
[2020-04-10 17:10:45,847][INFO] hack.transistors.transistors:104 - b:0.828 f1:0.791 p:0.880 r:0.719
[2020-04-10 17:10:45,974][INFO] hack.transistors.transistors:104 - b:0.838 f1:0.787 p:0.879 r:0.712
[2020-04-10 17:10:46,097][INFO] hack.transistors.transistors:104 - b:0.848 f1:0.787 p:0.879 r:0.712
[2020-04-10 17:10:46,223][INFO] hack.transistors.transistors:104 - b:0.859 f1:0.769 p:0.875 r:0.686
[2020-04-10 17:10:46,345][INFO] hack.transistors.transistors:104 - b:0.869 f1:0.760 p:0.873 r:0.673
[2020-04-10 17:10:46,470][INFO] hack.transistors.transistors:104 - b:0.879 f1:0.770 p:0.911 r:0.667
[2020-04-10 17:10:46,594][INFO] hack.transistors.transistors:104 - b:0.889 f1:0.756 p:0.908 r:0.647
[2020-04-10 17:10:46,715][INFO] hack.transistors.transistors:104 - b:0.899 f1:0.756 p:0.908 r:0.647
[2020-04-10 17:10:46,838][INFO] hack.transistors.transistors:104 - b:0.909 f1:0.756 p:0.908 r:0.647
[2020-04-10 17:10:46,959][INFO] hack.transistors.transistors:104 - b:0.919 f1:0.732 p:0.904 r:0.614
[2020-04-10 17:10:47,082][INFO] hack.transistors.transistors:104 - b:0.929 f1:0.706 p:0.899 r:0.582
[2020-04-10 17:10:47,203][INFO] hack.transistors.transistors:104 - b:0.939 f1:0.619 p:0.880 r:0.477
[2020-04-10 17:10:47,321][INFO] hack.transistors.transistors:104 - b:0.949 f1:0.564 p:0.865 r:0.418
[2020-04-10 17:10:47,442][INFO] hack.transistors.transistors:104 - b:0.960 f1:0.505 p:0.846 r:0.359
[2020-04-10 17:10:47,558][INFO] hack.transistors.transistors:104 - b:0.970 f1:0.472 p:0.847 r:0.327
[2020-04-10 17:10:47,677][INFO] hack.transistors.transistors:104 - b:0.980 f1:0.422 p:0.843 r:0.281
[2020-04-10 17:10:47,789][INFO] hack.transistors.transistors:104 - b:0.990 f1:0.309 p:0.829 r:0.190
[2020-04-10 17:10:47,903][INFO] hack.transistors.transistors:104 - b:1.000 f1:nan p:nan r:0.000
[2020-04-10 17:10:47,903][WARNING] hack.transistors.transistors:113 - ===================================================
[2020-04-10 17:10:47,903][WARNING] hack.transistors.transistors:114 - Entity-Level Gold Data score for polarity, b=0.000
[2020-04-10 17:10:47,903][WARNING] hack.transistors.transistors:115 - ===================================================
[2020-04-10 17:10:47,903][WARNING] hack.transistors.transistors:116 - Corpus Precision 0.860
[2020-04-10 17:10:47,903][WARNING] hack.transistors.transistors:117 - Corpus Recall    0.922
[2020-04-10 17:10:47,904][WARNING] hack.transistors.transistors:118 - Corpus F1        0.890
[2020-04-10 17:10:47,904][WARNING] hack.transistors.transistors:119 - ---------------------------------------------------
[2020-04-10 17:10:47,904][WARNING] hack.transistors.transistors:121 - TP: 141 | FP: 23 | FN: 12
[2020-04-10 17:10:47,904][WARNING] hack.transistors.transistors:125 - ===================================================

[2020-04-10 17:10:54,858][INFO] hack.transistors.transistors:84 - Calculating the best F1 score and threshold (b)...
[2020-04-10 17:10:54,993][INFO] hack.transistors.transistors:104 - b:0.000 f1:0.832 p:0.890 r:0.781
[2020-04-10 17:10:55,124][INFO] hack.transistors.transistors:104 - b:0.010 f1:0.832 p:0.890 r:0.781
[2020-04-10 17:10:55,254][INFO] hack.transistors.transistors:104 - b:0.020 f1:0.832 p:0.890 r:0.781
[2020-04-10 17:10:55,384][INFO] hack.transistors.transistors:104 - b:0.030 f1:0.832 p:0.890 r:0.781
[2020-04-10 17:10:55,514][INFO] hack.transistors.transistors:104 - b:0.040 f1:0.832 p:0.890 r:0.781
[2020-04-10 17:10:55,647][INFO] hack.transistors.transistors:104 - b:0.051 f1:0.832 p:0.890 r:0.781
[2020-04-10 17:10:55,782][INFO] hack.transistors.transistors:104 - b:0.061 f1:0.832 p:0.890 r:0.781
[2020-04-10 17:10:55,915][INFO] hack.transistors.transistors:104 - b:0.071 f1:0.832 p:0.890 r:0.781
[2020-04-10 17:10:56,047][INFO] hack.transistors.transistors:104 - b:0.081 f1:0.832 p:0.890 r:0.781
[2020-04-10 17:10:56,180][INFO] hack.transistors.transistors:104 - b:0.091 f1:0.832 p:0.890 r:0.781
[2020-04-10 17:10:56,315][INFO] hack.transistors.transistors:104 - b:0.101 f1:0.832 p:0.890 r:0.781
[2020-04-10 17:10:56,448][INFO] hack.transistors.transistors:104 - b:0.111 f1:0.832 p:0.890 r:0.781
[2020-04-10 17:10:56,581][INFO] hack.transistors.transistors:104 - b:0.121 f1:0.832 p:0.890 r:0.781
[2020-04-10 17:10:56,713][INFO] hack.transistors.transistors:104 - b:0.131 f1:0.832 p:0.890 r:0.781
[2020-04-10 17:10:56,848][INFO] hack.transistors.transistors:104 - b:0.141 f1:0.832 p:0.890 r:0.781
[2020-04-10 17:10:56,981][INFO] hack.transistors.transistors:104 - b:0.152 f1:0.832 p:0.890 r:0.781
[2020-04-10 17:10:57,114][INFO] hack.transistors.transistors:104 - b:0.162 f1:0.832 p:0.890 r:0.781
[2020-04-10 17:10:57,246][INFO] hack.transistors.transistors:104 - b:0.172 f1:0.832 p:0.890 r:0.781
[2020-04-10 17:10:57,378][INFO] hack.transistors.transistors:104 - b:0.182 f1:0.832 p:0.890 r:0.781
[2020-04-10 17:10:57,510][INFO] hack.transistors.transistors:104 - b:0.192 f1:0.832 p:0.890 r:0.781
[2020-04-10 17:10:57,642][INFO] hack.transistors.transistors:104 - b:0.202 f1:0.832 p:0.890 r:0.781
[2020-04-10 17:10:57,773][INFO] hack.transistors.transistors:104 - b:0.212 f1:0.832 p:0.890 r:0.781
[2020-04-10 17:10:57,903][INFO] hack.transistors.transistors:104 - b:0.222 f1:0.832 p:0.890 r:0.781
[2020-04-10 17:10:58,034][INFO] hack.transistors.transistors:104 - b:0.232 f1:0.832 p:0.890 r:0.781
[2020-04-10 17:10:58,164][INFO] hack.transistors.transistors:104 - b:0.242 f1:0.832 p:0.890 r:0.781
[2020-04-10 17:10:58,294][INFO] hack.transistors.transistors:104 - b:0.253 f1:0.832 p:0.890 r:0.781
[2020-04-10 17:10:58,425][INFO] hack.transistors.transistors:104 - b:0.263 f1:0.832 p:0.890 r:0.781
[2020-04-10 17:10:58,557][INFO] hack.transistors.transistors:104 - b:0.273 f1:0.832 p:0.890 r:0.781
[2020-04-10 17:10:58,694][INFO] hack.transistors.transistors:104 - b:0.283 f1:0.832 p:0.890 r:0.781
[2020-04-10 17:10:58,824][INFO] hack.transistors.transistors:104 - b:0.293 f1:0.832 p:0.890 r:0.781
[2020-04-10 17:10:58,956][INFO] hack.transistors.transistors:104 - b:0.303 f1:0.832 p:0.890 r:0.781
[2020-04-10 17:10:59,088][INFO] hack.transistors.transistors:104 - b:0.313 f1:0.832 p:0.890 r:0.781
[2020-04-10 17:10:59,222][INFO] hack.transistors.transistors:104 - b:0.323 f1:0.832 p:0.890 r:0.781
[2020-04-10 17:10:59,352][INFO] hack.transistors.transistors:104 - b:0.333 f1:0.832 p:0.890 r:0.781
[2020-04-10 17:10:59,484][INFO] hack.transistors.transistors:104 - b:0.343 f1:0.832 p:0.890 r:0.781
[2020-04-10 17:10:59,625][INFO] hack.transistors.transistors:104 - b:0.354 f1:0.832 p:0.890 r:0.781
[2020-04-10 17:10:59,766][INFO] hack.transistors.transistors:104 - b:0.364 f1:0.832 p:0.890 r:0.781
[2020-04-10 17:10:59,897][INFO] hack.transistors.transistors:104 - b:0.374 f1:0.832 p:0.890 r:0.781
[2020-04-10 17:11:00,045][INFO] hack.transistors.transistors:104 - b:0.384 f1:0.832 p:0.890 r:0.781
[2020-04-10 17:11:00,188][INFO] hack.transistors.transistors:104 - b:0.394 f1:0.832 p:0.890 r:0.781
[2020-04-10 17:11:00,321][INFO] hack.transistors.transistors:104 - b:0.404 f1:0.832 p:0.890 r:0.781
[2020-04-10 17:11:00,450][INFO] hack.transistors.transistors:104 - b:0.414 f1:0.832 p:0.890 r:0.781
[2020-04-10 17:11:00,579][INFO] hack.transistors.transistors:104 - b:0.424 f1:0.832 p:0.890 r:0.781
[2020-04-10 17:11:00,707][INFO] hack.transistors.transistors:104 - b:0.434 f1:0.832 p:0.890 r:0.781
[2020-04-10 17:11:00,836][INFO] hack.transistors.transistors:104 - b:0.444 f1:0.832 p:0.890 r:0.781
[2020-04-10 17:11:00,965][INFO] hack.transistors.transistors:104 - b:0.455 f1:0.832 p:0.890 r:0.781
[2020-04-10 17:11:01,094][INFO] hack.transistors.transistors:104 - b:0.465 f1:0.832 p:0.890 r:0.781
[2020-04-10 17:11:01,223][INFO] hack.transistors.transistors:104 - b:0.475 f1:0.832 p:0.890 r:0.781
[2020-04-10 17:11:01,352][INFO] hack.transistors.transistors:104 - b:0.485 f1:0.832 p:0.890 r:0.781
[2020-04-10 17:11:01,481][INFO] hack.transistors.transistors:104 - b:0.495 f1:0.832 p:0.890 r:0.781
[2020-04-10 17:11:01,610][INFO] hack.transistors.transistors:104 - b:0.505 f1:0.832 p:0.890 r:0.781
[2020-04-10 17:11:01,738][INFO] hack.transistors.transistors:104 - b:0.515 f1:0.832 p:0.890 r:0.781
[2020-04-10 17:11:01,867][INFO] hack.transistors.transistors:104 - b:0.525 f1:0.832 p:0.890 r:0.781
[2020-04-10 17:11:01,996][INFO] hack.transistors.transistors:104 - b:0.535 f1:0.832 p:0.890 r:0.781
[2020-04-10 17:11:02,124][INFO] hack.transistors.transistors:104 - b:0.545 f1:0.832 p:0.890 r:0.781
[2020-04-10 17:11:02,252][INFO] hack.transistors.transistors:104 - b:0.556 f1:0.832 p:0.890 r:0.781
[2020-04-10 17:11:02,380][INFO] hack.transistors.transistors:104 - b:0.566 f1:0.834 p:0.896 r:0.781
[2020-04-10 17:11:02,510][INFO] hack.transistors.transistors:104 - b:0.576 f1:0.834 p:0.896 r:0.781
[2020-04-10 17:11:02,639][INFO] hack.transistors.transistors:104 - b:0.586 f1:0.834 p:0.896 r:0.781
[2020-04-10 17:11:02,768][INFO] hack.transistors.transistors:104 - b:0.596 f1:0.834 p:0.896 r:0.781
[2020-04-10 17:11:02,896][INFO] hack.transistors.transistors:104 - b:0.606 f1:0.834 p:0.896 r:0.781
[2020-04-10 17:11:03,024][INFO] hack.transistors.transistors:104 - b:0.616 f1:0.834 p:0.896 r:0.781
[2020-04-10 17:11:03,153][INFO] hack.transistors.transistors:104 - b:0.626 f1:0.834 p:0.896 r:0.781
[2020-04-10 17:11:03,281][INFO] hack.transistors.transistors:104 - b:0.636 f1:0.830 p:0.896 r:0.774
[2020-04-10 17:11:03,410][INFO] hack.transistors.transistors:104 - b:0.646 f1:0.830 p:0.896 r:0.774
[2020-04-10 17:11:03,538][INFO] hack.transistors.transistors:104 - b:0.657 f1:0.830 p:0.896 r:0.774
[2020-04-10 17:11:03,667][INFO] hack.transistors.transistors:104 - b:0.667 f1:0.830 p:0.896 r:0.774
[2020-04-10 17:11:03,795][INFO] hack.transistors.transistors:104 - b:0.677 f1:0.830 p:0.896 r:0.774
[2020-04-10 17:11:03,923][INFO] hack.transistors.transistors:104 - b:0.687 f1:0.830 p:0.896 r:0.774
[2020-04-10 17:11:04,051][INFO] hack.transistors.transistors:104 - b:0.697 f1:0.830 p:0.896 r:0.774
[2020-04-10 17:11:04,179][INFO] hack.transistors.transistors:104 - b:0.707 f1:0.830 p:0.896 r:0.774
[2020-04-10 17:11:04,306][INFO] hack.transistors.transistors:104 - b:0.717 f1:0.830 p:0.896 r:0.774
[2020-04-10 17:11:04,434][INFO] hack.transistors.transistors:104 - b:0.727 f1:0.814 p:0.892 r:0.748
[2020-04-10 17:11:04,562][INFO] hack.transistors.transistors:104 - b:0.737 f1:0.814 p:0.892 r:0.748
[2020-04-10 17:11:04,690][INFO] hack.transistors.transistors:104 - b:0.747 f1:0.814 p:0.892 r:0.748
[2020-04-10 17:11:04,816][INFO] hack.transistors.transistors:104 - b:0.758 f1:0.814 p:0.892 r:0.748
[2020-04-10 17:11:04,944][INFO] hack.transistors.transistors:104 - b:0.768 f1:0.814 p:0.892 r:0.748
[2020-04-10 17:11:05,071][INFO] hack.transistors.transistors:104 - b:0.778 f1:0.814 p:0.892 r:0.748
[2020-04-10 17:11:05,198][INFO] hack.transistors.transistors:104 - b:0.788 f1:0.814 p:0.892 r:0.748
[2020-04-10 17:11:05,325][INFO] hack.transistors.transistors:104 - b:0.798 f1:0.814 p:0.892 r:0.748
[2020-04-10 17:11:05,452][INFO] hack.transistors.transistors:104 - b:0.808 f1:0.814 p:0.892 r:0.748
[2020-04-10 17:11:05,579][INFO] hack.transistors.transistors:104 - b:0.818 f1:0.814 p:0.892 r:0.748
[2020-04-10 17:11:05,706][INFO] hack.transistors.transistors:104 - b:0.828 f1:0.801 p:0.890 r:0.729
[2020-04-10 17:11:05,832][INFO] hack.transistors.transistors:104 - b:0.838 f1:0.797 p:0.889 r:0.723
[2020-04-10 17:11:05,958][INFO] hack.transistors.transistors:104 - b:0.848 f1:0.797 p:0.889 r:0.723
[2020-04-10 17:11:06,084][INFO] hack.transistors.transistors:104 - b:0.859 f1:0.783 p:0.893 r:0.697
[2020-04-10 17:11:06,209][INFO] hack.transistors.transistors:104 - b:0.869 f1:0.778 p:0.892 r:0.690
[2020-04-10 17:11:06,334][INFO] hack.transistors.transistors:104 - b:0.879 f1:0.774 p:0.891 r:0.684
[2020-04-10 17:11:06,460][INFO] hack.transistors.transistors:104 - b:0.889 f1:0.769 p:0.890 r:0.677
[2020-04-10 17:11:06,585][INFO] hack.transistors.transistors:104 - b:0.899 f1:0.769 p:0.890 r:0.677
[2020-04-10 17:11:06,709][INFO] hack.transistors.transistors:104 - b:0.909 f1:0.769 p:0.890 r:0.677
[2020-04-10 17:11:06,834][INFO] hack.transistors.transistors:104 - b:0.919 f1:0.765 p:0.889 r:0.671
[2020-04-10 17:11:06,960][INFO] hack.transistors.transistors:104 - b:0.929 f1:0.765 p:0.889 r:0.671
[2020-04-10 17:11:07,083][INFO] hack.transistors.transistors:104 - b:0.939 f1:0.751 p:0.886 r:0.652
[2020-04-10 17:11:07,208][INFO] hack.transistors.transistors:104 - b:0.949 f1:0.746 p:0.885 r:0.645
[2020-04-10 17:11:07,329][INFO] hack.transistors.transistors:104 - b:0.960 f1:0.713 p:0.877 r:0.600
[2020-04-10 17:11:07,453][INFO] hack.transistors.transistors:104 - b:0.970 f1:0.682 p:0.870 r:0.561
[2020-04-10 17:11:07,574][INFO] hack.transistors.transistors:104 - b:0.980 f1:0.629 p:0.856 r:0.497
[2020-04-10 17:11:07,691][INFO] hack.transistors.transistors:104 - b:0.990 f1:0.564 p:0.835 r:0.426
[2020-04-10 17:11:07,803][INFO] hack.transistors.transistors:104 - b:1.000 f1:nan p:nan r:0.000
[2020-04-10 17:11:07,803][WARNING] hack.transistors.transistors:113 - ===================================================
[2020-04-10 17:11:07,803][WARNING] hack.transistors.transistors:114 - Entity-Level Gold Data score for ce_v_max, b=0.566
[2020-04-10 17:11:07,803][WARNING] hack.transistors.transistors:115 - ===================================================
[2020-04-10 17:11:07,803][WARNING] hack.transistors.transistors:116 - Corpus Precision 0.896
[2020-04-10 17:11:07,803][WARNING] hack.transistors.transistors:117 - Corpus Recall    0.781
[2020-04-10 17:11:07,803][WARNING] hack.transistors.transistors:118 - Corpus F1        0.834
[2020-04-10 17:11:07,803][WARNING] hack.transistors.transistors:119 - ---------------------------------------------------
[2020-04-10 17:11:07,804][WARNING] hack.transistors.transistors:121 - TP: 121 | FP: 14 | FN: 34
[2020-04-10 17:11:07,804][WARNING] hack.transistors.transistors:125 - ===================================================

[2020-04-10 17:11:10,853][WARNING] hack.transistors.transistors:617 - Classification Time (min): 77.9
