[2020-04-16 20:38:31,026][INFO] fonduer.meta:51 - Setting logging directory to: /dfs/scratch1/senwu/mmtl/test/hack_tecs/hack/hack/circular_connectors/logs/2020-04-16_20-38-29
[2020-04-16 20:38:31,073][INFO] fonduer.meta:135 - Connecting user:senwu to localhost:5432/circular_connectors_full
[2020-04-16 20:38:31,117][INFO] fonduer.meta:162 - Initializing the storage schema
[2020-04-16 20:38:31,551][INFO] hack.circular_connectors.circular_connectors:61 - Starting parsing...
[2020-04-16 20:38:31,551][INFO] hack.utils.utils:41 - Parsing dev...
[2020-04-16 20:38:35,346][INFO] fonduer.utils.udf:69 - Running UDF...
[2020-04-16 20:41:45,599][INFO] hack.utils.utils:41 - Parsing test...
[2020-04-16 20:41:56,941][INFO] fonduer.utils.udf:69 - Running UDF...
[2020-04-16 20:46:33,891][ERROR] fonduer.parser.visual_linker:77 - Words could not be extracted from PDF: /dfs/scratch1/senwu/mmtl/test/hack_tecs/hack/hack/circular_connectors/data/test/pdf/teconnectivityampconnectors_213597-4.pdf
Traceback (most recent call last):
  File "/lfs/local/0/senwu/.venv_hack_tecs/lib/python3.6/site-packages/fonduer/parser/visual_linker.py", line 75, in link
    self._extract_pdf_words()
  File "/lfs/local/0/senwu/.venv_hack_tecs/lib/python3.6/site-packages/fonduer/parser/visual_linker.py", line 111, in _extract_pdf_words
    f"Words could not be extracted from PDF: {self.pdf_file}"
RuntimeError: Words could not be extracted from PDF: /dfs/scratch1/senwu/mmtl/test/hack_tecs/hack/hack/circular_connectors/data/test/pdf/teconnectivityampconnectors_213597-4.pdf
[2020-04-16 20:46:37,153][ERROR] fonduer.parser.visual_linker:77 - Words could not be extracted from PDF: /dfs/scratch1/senwu/mmtl/test/hack_tecs/hack/hack/circular_connectors/data/test/pdf/teconnectivityampconnectors_796497-1.pdf
Traceback (most recent call last):
  File "/lfs/local/0/senwu/.venv_hack_tecs/lib/python3.6/site-packages/fonduer/parser/visual_linker.py", line 75, in link
    self._extract_pdf_words()
  File "/lfs/local/0/senwu/.venv_hack_tecs/lib/python3.6/site-packages/fonduer/parser/visual_linker.py", line 111, in _extract_pdf_words
    f"Words could not be extracted from PDF: {self.pdf_file}"
RuntimeError: Words could not be extracted from PDF: /dfs/scratch1/senwu/mmtl/test/hack_tecs/hack/hack/circular_connectors/data/test/pdf/teconnectivityampconnectors_796497-1.pdf
[2020-04-16 21:05:53,954][INFO] hack.utils.utils:41 - Parsing train...
[2020-04-16 21:06:52,342][INFO] fonduer.utils.udf:69 - Running UDF...
[2020-04-16 22:18:42,026][WARNING] hack.circular_connectors.circular_connectors:67 - Parse Time (min): 100.2
[2020-04-16 22:18:42,037][INFO] hack.circular_connectors.circular_connectors:69 - # of train Documents: 100
[2020-04-16 22:18:42,037][INFO] hack.circular_connectors.circular_connectors:70 - # of dev Documents: 100
[2020-04-16 22:18:42,037][INFO] hack.circular_connectors.circular_connectors:71 - # of test Documents: 100
[2020-04-16 22:18:42,046][INFO] hack.circular_connectors.circular_connectors:73 - Documents: 300
[2020-04-16 22:18:42,053][INFO] hack.circular_connectors.circular_connectors:74 - Sections: 300
[2020-04-16 22:18:42,283][INFO] hack.circular_connectors.circular_connectors:75 - Paragraphs: 330841
[2020-04-16 22:18:42,574][INFO] hack.circular_connectors.circular_connectors:76 - Sentences: 341048
[2020-04-16 22:18:42,668][INFO] hack.circular_connectors.circular_connectors:77 - Figures: 22241
[2020-04-16 22:18:42,714][INFO] fonduer.candidates.mentions:473 - Clearing table: thumbnails
[2020-04-16 22:18:42,724][INFO] fonduer.utils.udf:69 - Running UDF...
[2020-04-16 22:20:42,647][INFO] hack.circular_connectors.circular_connectors:105 - Total Mentions: 8921
[2020-04-16 22:20:42,667][INFO] fonduer.candidates.candidates:145 - Clearing table thumbnail_label (split 0)
[2020-04-16 22:20:43,399][INFO] fonduer.utils.udf:69 - Running UDF...
[2020-04-16 22:21:55,123][INFO] fonduer.candidates.candidates:145 - Clearing table thumbnail_label (split 1)
[2020-04-16 22:21:55,343][INFO] fonduer.utils.udf:69 - Running UDF...
[2020-04-16 22:22:00,092][INFO] fonduer.candidates.candidates:145 - Clearing table thumbnail_label (split 2)
[2020-04-16 22:22:00,385][INFO] fonduer.utils.udf:69 - Running UDF...
[2020-04-16 22:22:15,906][WARNING] hack.circular_connectors.circular_connectors:127 - Candidate Extraction Time (min): 3.6
[2020-04-16 22:22:15,953][INFO] hack.circular_connectors.circular_connectors:129 - Total train candidate:	7256
[2020-04-16 22:22:15,953][INFO] hack.circular_connectors.circular_connectors:130 - Total dev candidate:	453
[2020-04-16 22:22:15,953][INFO] hack.circular_connectors.circular_connectors:131 - Total test candidate:	1212
[2020-04-16 22:22:22,637][WARNING] hack.circular_connectors.circular_connectors:153 - Supervision Time (min): 0.1
[2020-04-16 22:22:23,394][INFO] emmental.meta:115 - Setting logging directory to: /dfs/scratch1/senwu/mmtl/test/hack_tecs/hack/hack/circular_connectors/logs/2020-04-16_20-38-29/2020_04_16/22_22_22/98eb87fb
[2020-04-16 22:22:23,891][INFO] emmental.meta:63 - Loading Emmental default config from /dfs/scratch1/senwu/mmtl/test/data_augmentation/new_eda5/emmental/src/emmental/emmental-default-config.yaml.
[2020-04-16 22:22:23,891][INFO] emmental.meta:169 - Updating Emmental config from user provided config.
[2020-04-16 22:22:24,119][INFO] emmental.model:56 - Created emmental model Thumbnail that contains task set().
[2020-04-16 22:22:25,248][INFO] emmental.model:70 - Moving model to GPU (cuda:0).
[2020-04-16 22:22:26,044][INFO] hack.circular_connectors.task:44 - Built model: ResNet(
  (conv1): Conv2d(3, 64, kernel_size=(7, 7), stride=(2, 2), padding=(3, 3), bias=False)
  (bn1): BatchNorm2d(64, eps=1e-05, momentum=0.1, affine=True, track_running_stats=True)
  (relu): ReLU(inplace=True)
  (maxpool): MaxPool2d(kernel_size=3, stride=2, padding=1, dilation=1, ceil_mode=False)
  (layer1): Sequential(
    (0): BasicBlock(
      (conv1): Conv2d(64, 64, kernel_size=(3, 3), stride=(1, 1), padding=(1, 1), bias=False)
      (bn1): BatchNorm2d(64, eps=1e-05, momentum=0.1, affine=True, track_running_stats=True)
      (relu): ReLU(inplace=True)
      (conv2): Conv2d(64, 64, kernel_size=(3, 3), stride=(1, 1), padding=(1, 1), bias=False)
      (bn2): BatchNorm2d(64, eps=1e-05, momentum=0.1, affine=True, track_running_stats=True)
    )
    (1): BasicBlock(
      (conv1): Conv2d(64, 64, kernel_size=(3, 3), stride=(1, 1), padding=(1, 1), bias=False)
      (bn1): BatchNorm2d(64, eps=1e-05, momentum=0.1, affine=True, track_running_stats=True)
      (relu): ReLU(inplace=True)
      (conv2): Conv2d(64, 64, kernel_size=(3, 3), stride=(1, 1), padding=(1, 1), bias=False)
      (bn2): BatchNorm2d(64, eps=1e-05, momentum=0.1, affine=True, track_running_stats=True)
    )
  )
  (layer2): Sequential(
    (0): BasicBlock(
      (conv1): Conv2d(64, 128, kernel_size=(3, 3), stride=(2, 2), padding=(1, 1), bias=False)
      (bn1): BatchNorm2d(128, eps=1e-05, momentum=0.1, affine=True, track_running_stats=True)
      (relu): ReLU(inplace=True)
      (conv2): Conv2d(128, 128, kernel_size=(3, 3), stride=(1, 1), padding=(1, 1), bias=False)
      (bn2): BatchNorm2d(128, eps=1e-05, momentum=0.1, affine=True, track_running_stats=True)
      (downsample): Sequential(
        (0): Conv2d(64, 128, kernel_size=(1, 1), stride=(2, 2), bias=False)
        (1): BatchNorm2d(128, eps=1e-05, momentum=0.1, affine=True, track_running_stats=True)
      )
    )
    (1): BasicBlock(
      (conv1): Conv2d(128, 128, kernel_size=(3, 3), stride=(1, 1), padding=(1, 1), bias=False)
      (bn1): BatchNorm2d(128, eps=1e-05, momentum=0.1, affine=True, track_running_stats=True)
      (relu): ReLU(inplace=True)
      (conv2): Conv2d(128, 128, kernel_size=(3, 3), stride=(1, 1), padding=(1, 1), bias=False)
      (bn2): BatchNorm2d(128, eps=1e-05, momentum=0.1, affine=True, track_running_stats=True)
    )
  )
  (layer3): Sequential(
    (0): BasicBlock(
      (conv1): Conv2d(128, 256, kernel_size=(3, 3), stride=(2, 2), padding=(1, 1), bias=False)
      (bn1): BatchNorm2d(256, eps=1e-05, momentum=0.1, affine=True, track_running_stats=True)
      (relu): ReLU(inplace=True)
      (conv2): Conv2d(256, 256, kernel_size=(3, 3), stride=(1, 1), padding=(1, 1), bias=False)
      (bn2): BatchNorm2d(256, eps=1e-05, momentum=0.1, affine=True, track_running_stats=True)
      (downsample): Sequential(
        (0): Conv2d(128, 256, kernel_size=(1, 1), stride=(2, 2), bias=False)
        (1): BatchNorm2d(256, eps=1e-05, momentum=0.1, affine=True, track_running_stats=True)
      )
    )
    (1): BasicBlock(
      (conv1): Conv2d(256, 256, kernel_size=(3, 3), stride=(1, 1), padding=(1, 1), bias=False)
      (bn1): BatchNorm2d(256, eps=1e-05, momentum=0.1, affine=True, track_running_stats=True)
      (relu): ReLU(inplace=True)
      (conv2): Conv2d(256, 256, kernel_size=(3, 3), stride=(1, 1), padding=(1, 1), bias=False)
      (bn2): BatchNorm2d(256, eps=1e-05, momentum=0.1, affine=True, track_running_stats=True)
    )
  )
  (layer4): Sequential(
    (0): BasicBlock(
      (conv1): Conv2d(256, 512, kernel_size=(3, 3), stride=(2, 2), padding=(1, 1), bias=False)
      (bn1): BatchNorm2d(512, eps=1e-05, momentum=0.1, affine=True, track_running_stats=True)
      (relu): ReLU(inplace=True)
      (conv2): Conv2d(512, 512, kernel_size=(3, 3), stride=(1, 1), padding=(1, 1), bias=False)
      (bn2): BatchNorm2d(512, eps=1e-05, momentum=0.1, affine=True, track_running_stats=True)
      (downsample): Sequential(
        (0): Conv2d(256, 512, kernel_size=(1, 1), stride=(2, 2), bias=False)
        (1): BatchNorm2d(512, eps=1e-05, momentum=0.1, affine=True, track_running_stats=True)
      )
    )
    (1): BasicBlock(
      (conv1): Conv2d(512, 512, kernel_size=(3, 3), stride=(1, 1), padding=(1, 1), bias=False)
      (bn1): BatchNorm2d(512, eps=1e-05, momentum=0.1, affine=True, track_running_stats=True)
      (relu): ReLU(inplace=True)
      (conv2): Conv2d(512, 512, kernel_size=(3, 3), stride=(1, 1), padding=(1, 1), bias=False)
      (bn2): BatchNorm2d(512, eps=1e-05, momentum=0.1, affine=True, track_running_stats=True)
    )
  )
  (avgpool): AdaptiveAvgPool2d(output_size=(1, 1))
  (fc): Linear(in_features=512, out_features=2, bias=True)
)
[2020-04-16 22:22:26,045][INFO] emmental.task:50 - Created task: Thumbnail
[2020-04-16 22:22:26,045][INFO] emmental.model:70 - Moving model to GPU (cuda:0).
[2020-04-16 22:22:30,614][INFO] emmental.logging.logging_manager:38 - Evaluating every 1 epoch.
[2020-04-16 22:22:30,668][INFO] emmental.logging.logging_manager:49 - Checkpointing every 1 epoch.
[2020-04-16 22:22:30,668][INFO] emmental.logging.checkpointer:51 - Save checkpoints at /dfs/scratch1/senwu/mmtl/test/hack_tecs/hack/hack/circular_connectors/logs/2020-04-16_20-38-29/2020_04_16/22_22_22/98eb87fb every 1 epoch
[2020-04-16 22:22:30,668][INFO] emmental.logging.checkpointer:83 - No checkpoints saved before 0 epoch.
[2020-04-16 22:22:30,668][INFO] emmental.logging.checkpointer:90 - Checkpointing all checkpoints: False.
[2020-04-16 22:22:31,635][INFO] emmental.learner:101 - Using optimizer Adam (
Parameter Group 0
    amsgrad: False
    betas: (0.9, 0.999)
    eps: 1e-08
    lr: 5e-05
    weight_decay: 0.0001
)
[2020-04-16 22:22:31,635][INFO] emmental.learner:190 - Using lr_scheduler <torch.optim.lr_scheduler.ReduceLROnPlateau object at 0x7fac3925dc88> with step every 1 epoch.
[2020-04-16 22:22:31,636][INFO] emmental.learner:539 - Start learning...
[2020-04-16 22:23:19,475][INFO] emmental.learner:392 - Epoch: 1.00 {'Thumbnail/Thumbnail/train/loss': 0.35070004105304775, 'model/all/train/loss': 0.35070004105304775, 'Thumbnail/Thumbnail/train/precision': 0.7586206896551724, 'Thumbnail/Thumbnail/train/recall': 0.6376811594202898, 'Thumbnail/Thumbnail/train/f1': 0.6929133858267716, 'Thumbnail/Thumbnail/train/average': 0.6964050783007446, 'model/all/train/micro_average': 0.6964050783007446, 'model/all/train/macro_average': 0.6964050783007446, 'model/all/train/lr': 5e-05, 'Thumbnail/Thumbnail/valid/precision': 0.8648648648648649, 'Thumbnail/Thumbnail/valid/recall': 0.927536231884058, 'Thumbnail/Thumbnail/valid/f1': 0.8951048951048951, 'Thumbnail/Thumbnail/valid/loss': 0.17810835, 'Thumbnail/Thumbnail/valid/average': 0.8958353306179393, 'Thumbnail/Thumbnail/test/precision': 0.6798029556650246, 'Thumbnail/Thumbnail/test/recall': 0.8625, 'Thumbnail/Thumbnail/test/f1': 0.7603305785123966, 'Thumbnail/Thumbnail/test/loss': 0.2252907, 'Thumbnail/Thumbnail/test/average': 0.7675445113924738, 'model/all/valid/micro_average': 0.8958353306179393, 'model/all/valid/macro_average': 0.8958353306179393, 'model/all/valid/loss': 0.17810835, 'model/all/test/micro_average': 0.7675445113924738, 'model/all/test/macro_average': 0.7675445113924738, 'model/all/test/loss': 0.2252907, 'model/all/all/micro_average': 0.8316899210052066, 'model/all/all/macro_average': 0.8316899210052066, 'model/all/all/loss': 0.20169953}
[2020-04-16 22:23:19,477][INFO] emmental.logging.checkpointer:132 - checkpoint_runway condition has been met. Start checkpoining.
[2020-04-16 22:23:20,764][INFO] emmental.logging.checkpointer:141 - Save checkpoint of 1.0 epoch at /dfs/scratch1/senwu/mmtl/test/hack_tecs/hack/hack/circular_connectors/logs/2020-04-16_20-38-29/2020_04_16/22_22_22/98eb87fb/checkpoint_1.0.pth.
[2020-04-16 22:23:21,845][INFO] emmental.logging.checkpointer:164 - Save best model of metric Thumbnail/Thumbnail/valid/f1 at /dfs/scratch1/senwu/mmtl/test/hack_tecs/hack/hack/circular_connectors/logs/2020-04-16_20-38-29/2020_04_16/22_22_22/98eb87fb/best_model_Thumbnail_Thumbnail_valid_f1.pth
[2020-04-16 22:24:03,707][INFO] emmental.learner:392 - Epoch: 2.00 {'Thumbnail/Thumbnail/train/loss': 0.2514913816325712, 'model/all/train/loss': 0.2514913816325712, 'Thumbnail/Thumbnail/train/precision': 0.7733333333333333, 'Thumbnail/Thumbnail/train/recall': 0.8405797101449275, 'Thumbnail/Thumbnail/train/f1': 0.8055555555555556, 'Thumbnail/Thumbnail/train/average': 0.8064895330112721, 'model/all/train/micro_average': 0.8064895330112721, 'model/all/train/macro_average': 0.8064895330112721, 'model/all/train/lr': 5e-05, 'Thumbnail/Thumbnail/valid/precision': 0.8648648648648649, 'Thumbnail/Thumbnail/valid/recall': 0.927536231884058, 'Thumbnail/Thumbnail/valid/f1': 0.8951048951048951, 'Thumbnail/Thumbnail/valid/loss': 0.14444831, 'Thumbnail/Thumbnail/valid/average': 0.8958353306179393, 'Thumbnail/Thumbnail/test/precision': 0.6137339055793991, 'Thumbnail/Thumbnail/test/recall': 0.89375, 'Thumbnail/Thumbnail/test/f1': 0.7277353689567431, 'Thumbnail/Thumbnail/test/loss': 0.25704777, 'Thumbnail/Thumbnail/test/average': 0.7450730915120474, 'model/all/valid/micro_average': 0.8958353306179393, 'model/all/valid/macro_average': 0.8958353306179393, 'model/all/valid/loss': 0.14444831, 'model/all/test/micro_average': 0.7450730915120474, 'model/all/test/macro_average': 0.7450730915120474, 'model/all/test/loss': 0.25704777, 'model/all/all/micro_average': 0.8204542110649934, 'model/all/all/macro_average': 0.8204542110649933, 'model/all/all/loss': 0.20074804}
[2020-04-16 22:24:06,338][INFO] emmental.logging.checkpointer:141 - Save checkpoint of 2.0 epoch at /dfs/scratch1/senwu/mmtl/test/hack_tecs/hack/hack/circular_connectors/logs/2020-04-16_20-38-29/2020_04_16/22_22_22/98eb87fb/checkpoint_2.0.pth.
[2020-04-16 22:25:12,288][INFO] emmental.learner:392 - Epoch: 3.00 {'Thumbnail/Thumbnail/train/loss': 0.19418560932277318, 'model/all/train/loss': 0.19418560932277318, 'Thumbnail/Thumbnail/train/precision': 0.8194444444444444, 'Thumbnail/Thumbnail/train/recall': 0.855072463768116, 'Thumbnail/Thumbnail/train/f1': 0.8368794326241135, 'Thumbnail/Thumbnail/train/average': 0.8371321136122246, 'model/all/train/micro_average': 0.8371321136122246, 'model/all/train/macro_average': 0.8371321136122246, 'model/all/train/lr': 5e-06, 'Thumbnail/Thumbnail/valid/precision': 0.8533333333333334, 'Thumbnail/Thumbnail/valid/recall': 0.927536231884058, 'Thumbnail/Thumbnail/valid/f1': 0.888888888888889, 'Thumbnail/Thumbnail/valid/loss': 0.14198254, 'Thumbnail/Thumbnail/valid/average': 0.8899194847020935, 'Thumbnail/Thumbnail/test/precision': 0.6111111111111112, 'Thumbnail/Thumbnail/test/recall': 0.89375, 'Thumbnail/Thumbnail/test/f1': 0.7258883248730965, 'Thumbnail/Thumbnail/test/loss': 0.27371866, 'Thumbnail/Thumbnail/test/average': 0.7435831453280692, 'model/all/valid/micro_average': 0.8899194847020935, 'model/all/valid/macro_average': 0.8899194847020935, 'model/all/valid/loss': 0.14198254, 'model/all/test/micro_average': 0.7435831453280692, 'model/all/test/macro_average': 0.7435831453280692, 'model/all/test/loss': 0.27371866, 'model/all/all/micro_average': 0.8167513150150815, 'model/all/all/macro_average': 0.8167513150150814, 'model/all/all/loss': 0.2078506}
[2020-04-16 22:25:13,637][INFO] emmental.logging.checkpointer:141 - Save checkpoint of 3.0 epoch at /dfs/scratch1/senwu/mmtl/test/hack_tecs/hack/hack/circular_connectors/logs/2020-04-16_20-38-29/2020_04_16/22_22_22/98eb87fb/checkpoint_3.0.pth.
[2020-04-16 22:26:02,206][INFO] emmental.learner:392 - Epoch: 4.00 {'Thumbnail/Thumbnail/train/loss': 0.20484580819969936, 'model/all/train/loss': 0.20484580819969936, 'Thumbnail/Thumbnail/train/precision': 0.8115942028985508, 'Thumbnail/Thumbnail/train/recall': 0.8115942028985508, 'Thumbnail/Thumbnail/train/f1': 0.8115942028985508, 'Thumbnail/Thumbnail/train/average': 0.8115942028985508, 'model/all/train/micro_average': 0.8115942028985508, 'model/all/train/macro_average': 0.8115942028985508, 'model/all/train/lr': 5.000000000000001e-07, 'Thumbnail/Thumbnail/valid/precision': 0.8205128205128205, 'Thumbnail/Thumbnail/valid/recall': 0.927536231884058, 'Thumbnail/Thumbnail/valid/f1': 0.870748299319728, 'Thumbnail/Thumbnail/valid/loss': 0.15345342, 'Thumbnail/Thumbnail/valid/average': 0.8729324505722021, 'Thumbnail/Thumbnail/test/precision': 0.5951417004048583, 'Thumbnail/Thumbnail/test/recall': 0.91875, 'Thumbnail/Thumbnail/test/f1': 0.7223587223587223, 'Thumbnail/Thumbnail/test/loss': 0.30562946, 'Thumbnail/Thumbnail/test/average': 0.7454168075878602, 'model/all/valid/micro_average': 0.8729324505722021, 'model/all/valid/macro_average': 0.8729324505722021, 'model/all/valid/loss': 0.15345342, 'model/all/test/micro_average': 0.7454168075878602, 'model/all/test/macro_average': 0.7454168075878602, 'model/all/test/loss': 0.30562946, 'model/all/all/micro_average': 0.8091746290800311, 'model/all/all/macro_average': 0.8091746290800312, 'model/all/all/loss': 0.22954145}
[2020-04-16 22:26:03,429][INFO] emmental.logging.checkpointer:141 - Save checkpoint of 4.0 epoch at /dfs/scratch1/senwu/mmtl/test/hack_tecs/hack/hack/circular_connectors/logs/2020-04-16_20-38-29/2020_04_16/22_22_22/98eb87fb/checkpoint_4.0.pth.
[2020-04-16 22:26:55,344][INFO] emmental.learner:392 - Epoch: 5.00 {'Thumbnail/Thumbnail/train/loss': 0.17096420300191076, 'model/all/train/loss': 0.17096420300191076, 'Thumbnail/Thumbnail/train/precision': 0.8243243243243243, 'Thumbnail/Thumbnail/train/recall': 0.8840579710144928, 'Thumbnail/Thumbnail/train/f1': 0.853146853146853, 'Thumbnail/Thumbnail/train/average': 0.8538430494952234, 'model/all/train/micro_average': 0.8538430494952234, 'model/all/train/macro_average': 0.8538430494952234, 'model/all/train/lr': 5.000000000000001e-08, 'Thumbnail/Thumbnail/valid/precision': 0.8205128205128205, 'Thumbnail/Thumbnail/valid/recall': 0.927536231884058, 'Thumbnail/Thumbnail/valid/f1': 0.870748299319728, 'Thumbnail/Thumbnail/valid/loss': 0.1466376, 'Thumbnail/Thumbnail/valid/average': 0.8729324505722021, 'Thumbnail/Thumbnail/test/precision': 0.5860655737704918, 'Thumbnail/Thumbnail/test/recall': 0.89375, 'Thumbnail/Thumbnail/test/f1': 0.7079207920792079, 'Thumbnail/Thumbnail/test/loss': 0.30674466, 'Thumbnail/Thumbnail/test/average': 0.7292454552832334, 'model/all/valid/micro_average': 0.8729324505722021, 'model/all/valid/macro_average': 0.8729324505722021, 'model/all/valid/loss': 0.1466376, 'model/all/test/micro_average': 0.7292454552832334, 'model/all/test/macro_average': 0.7292454552832334, 'model/all/test/loss': 0.30674466, 'model/all/all/micro_average': 0.8010889529277176, 'model/all/all/macro_average': 0.8010889529277178, 'model/all/all/loss': 0.22669113}
[2020-04-16 22:26:56,318][INFO] emmental.logging.checkpointer:141 - Save checkpoint of 5.0 epoch at /dfs/scratch1/senwu/mmtl/test/hack_tecs/hack/hack/circular_connectors/logs/2020-04-16_20-38-29/2020_04_16/22_22_22/98eb87fb/checkpoint_5.0.pth.
[2020-04-16 22:27:43,948][INFO] emmental.learner:392 - Epoch: 6.00 {'Thumbnail/Thumbnail/train/loss': 0.15712550565370134, 'model/all/train/loss': 0.15712550565370134, 'Thumbnail/Thumbnail/train/precision': 0.8266666666666667, 'Thumbnail/Thumbnail/train/recall': 0.8985507246376812, 'Thumbnail/Thumbnail/train/f1': 0.8611111111111112, 'Thumbnail/Thumbnail/train/average': 0.862109500805153, 'model/all/train/micro_average': 0.862109500805153, 'model/all/train/macro_average': 0.862109500805153, 'model/all/train/lr': 5.000000000000002e-09, 'Thumbnail/Thumbnail/valid/precision': 0.8205128205128205, 'Thumbnail/Thumbnail/valid/recall': 0.927536231884058, 'Thumbnail/Thumbnail/valid/f1': 0.870748299319728, 'Thumbnail/Thumbnail/valid/loss': 0.14718959, 'Thumbnail/Thumbnail/valid/average': 0.8729324505722021, 'Thumbnail/Thumbnail/test/precision': 0.5783132530120482, 'Thumbnail/Thumbnail/test/recall': 0.9, 'Thumbnail/Thumbnail/test/f1': 0.7041564792176038, 'Thumbnail/Thumbnail/test/loss': 0.322352, 'Thumbnail/Thumbnail/test/average': 0.7274899107432174, 'model/all/valid/micro_average': 0.8729324505722021, 'model/all/valid/macro_average': 0.8729324505722021, 'model/all/valid/loss': 0.14718959, 'model/all/test/micro_average': 0.7274899107432174, 'model/all/test/macro_average': 0.7274899107432174, 'model/all/test/loss': 0.322352, 'model/all/all/micro_average': 0.8002111806577097, 'model/all/all/macro_average': 0.8002111806577098, 'model/all/all/loss': 0.23477079}
[2020-04-16 22:27:48,395][INFO] emmental.logging.checkpointer:141 - Save checkpoint of 6.0 epoch at /dfs/scratch1/senwu/mmtl/test/hack_tecs/hack/hack/circular_connectors/logs/2020-04-16_20-38-29/2020_04_16/22_22_22/98eb87fb/checkpoint_6.0.pth.
[2020-04-16 22:28:15,499][INFO] emmental.learner:392 - Epoch: 7.00 {'Thumbnail/Thumbnail/train/loss': 0.19207545253088407, 'model/all/train/loss': 0.19207545253088407, 'Thumbnail/Thumbnail/train/precision': 0.7866666666666666, 'Thumbnail/Thumbnail/train/recall': 0.855072463768116, 'Thumbnail/Thumbnail/train/f1': 0.8194444444444444, 'Thumbnail/Thumbnail/train/average': 0.8203945249597423, 'model/all/train/micro_average': 0.8203945249597423, 'model/all/train/macro_average': 0.8203945249597423, 'model/all/train/lr': 5.000000000000002e-09, 'Thumbnail/Thumbnail/valid/precision': 0.810126582278481, 'Thumbnail/Thumbnail/valid/recall': 0.927536231884058, 'Thumbnail/Thumbnail/valid/f1': 0.8648648648648648, 'Thumbnail/Thumbnail/valid/loss': 0.14146632, 'Thumbnail/Thumbnail/valid/average': 0.867509226342468, 'Thumbnail/Thumbnail/test/precision': 0.5652173913043478, 'Thumbnail/Thumbnail/test/recall': 0.89375, 'Thumbnail/Thumbnail/test/f1': 0.6924939467312349, 'Thumbnail/Thumbnail/test/loss': 0.31899005, 'Thumbnail/Thumbnail/test/average': 0.7171537793451943, 'model/all/valid/micro_average': 0.867509226342468, 'model/all/valid/macro_average': 0.867509226342468, 'model/all/valid/loss': 0.14146632, 'model/all/test/micro_average': 0.7171537793451943, 'model/all/test/macro_average': 0.7171537793451943, 'model/all/test/loss': 0.31899005, 'model/all/all/micro_average': 0.792331502843831, 'model/all/all/macro_average': 0.7923315028438311, 'model/all/all/loss': 0.23022819}
[2020-04-16 22:28:16,423][INFO] emmental.logging.checkpointer:141 - Save checkpoint of 7.0 epoch at /dfs/scratch1/senwu/mmtl/test/hack_tecs/hack/hack/circular_connectors/logs/2020-04-16_20-38-29/2020_04_16/22_22_22/98eb87fb/checkpoint_7.0.pth.
[2020-04-16 22:28:52,397][INFO] emmental.learner:392 - Epoch: 8.00 {'Thumbnail/Thumbnail/train/loss': 0.1981918021016826, 'model/all/train/loss': 0.1981918021016826, 'Thumbnail/Thumbnail/train/precision': 0.76, 'Thumbnail/Thumbnail/train/recall': 0.8260869565217391, 'Thumbnail/Thumbnail/train/f1': 0.7916666666666667, 'Thumbnail/Thumbnail/train/average': 0.792584541062802, 'model/all/train/micro_average': 0.792584541062802, 'model/all/train/macro_average': 0.792584541062802, 'model/all/train/lr': 5.000000000000002e-09, 'Thumbnail/Thumbnail/valid/precision': 0.8311688311688312, 'Thumbnail/Thumbnail/valid/recall': 0.927536231884058, 'Thumbnail/Thumbnail/valid/f1': 0.8767123287671235, 'Thumbnail/Thumbnail/valid/loss': 0.1368181, 'Thumbnail/Thumbnail/valid/average': 0.8784724639400041, 'Thumbnail/Thumbnail/test/precision': 0.5697211155378487, 'Thumbnail/Thumbnail/test/recall': 0.89375, 'Thumbnail/Thumbnail/test/f1': 0.6958637469586375, 'Thumbnail/Thumbnail/test/loss': 0.3123661, 'Thumbnail/Thumbnail/test/average': 0.7197782874988287, 'model/all/valid/micro_average': 0.8784724639400041, 'model/all/valid/macro_average': 0.8784724639400041, 'model/all/valid/loss': 0.1368181, 'model/all/test/micro_average': 0.7197782874988287, 'model/all/test/macro_average': 0.7197782874988287, 'model/all/test/loss': 0.3123661, 'model/all/all/micro_average': 0.7991253757194164, 'model/all/all/macro_average': 0.7991253757194163, 'model/all/all/loss': 0.22459209}
[2020-04-16 22:28:56,336][INFO] emmental.logging.checkpointer:141 - Save checkpoint of 8.0 epoch at /dfs/scratch1/senwu/mmtl/test/hack_tecs/hack/hack/circular_connectors/logs/2020-04-16_20-38-29/2020_04_16/22_22_22/98eb87fb/checkpoint_8.0.pth.
[2020-04-16 22:29:28,988][INFO] emmental.learner:392 - Epoch: 9.00 {'Thumbnail/Thumbnail/train/loss': 0.20995759516625478, 'model/all/train/loss': 0.20995759516625478, 'Thumbnail/Thumbnail/train/precision': 0.8028169014084507, 'Thumbnail/Thumbnail/train/recall': 0.8260869565217391, 'Thumbnail/Thumbnail/train/f1': 0.8142857142857144, 'Thumbnail/Thumbnail/train/average': 0.814396524071968, 'model/all/train/micro_average': 0.814396524071968, 'model/all/train/macro_average': 0.814396524071968, 'model/all/train/lr': 5.000000000000002e-09, 'Thumbnail/Thumbnail/valid/precision': 0.8311688311688312, 'Thumbnail/Thumbnail/valid/recall': 0.927536231884058, 'Thumbnail/Thumbnail/valid/f1': 0.8767123287671235, 'Thumbnail/Thumbnail/valid/loss': 0.13702358, 'Thumbnail/Thumbnail/valid/average': 0.8784724639400041, 'Thumbnail/Thumbnail/test/precision': 0.572, 'Thumbnail/Thumbnail/test/recall': 0.89375, 'Thumbnail/Thumbnail/test/f1': 0.697560975609756, 'Thumbnail/Thumbnail/test/loss': 0.31153408, 'Thumbnail/Thumbnail/test/average': 0.7211036585365852, 'model/all/valid/micro_average': 0.8784724639400041, 'model/all/valid/macro_average': 0.8784724639400041, 'model/all/valid/loss': 0.13702358, 'model/all/test/micro_average': 0.7211036585365852, 'model/all/test/macro_average': 0.7211036585365852, 'model/all/test/loss': 0.31153408, 'model/all/all/micro_average': 0.7997880612382947, 'model/all/all/macro_average': 0.7997880612382946, 'model/all/all/loss': 0.22427884}
[2020-04-16 22:29:30,886][INFO] emmental.logging.checkpointer:141 - Save checkpoint of 9.0 epoch at /dfs/scratch1/senwu/mmtl/test/hack_tecs/hack/hack/circular_connectors/logs/2020-04-16_20-38-29/2020_04_16/22_22_22/98eb87fb/checkpoint_9.0.pth.
[2020-04-16 22:30:09,132][INFO] emmental.learner:392 - Epoch: 10.00 {'Thumbnail/Thumbnail/train/loss': 0.19425926711122457, 'model/all/train/loss': 0.19425926711122457, 'Thumbnail/Thumbnail/train/precision': 0.8133333333333334, 'Thumbnail/Thumbnail/train/recall': 0.8840579710144928, 'Thumbnail/Thumbnail/train/f1': 0.8472222222222223, 'Thumbnail/Thumbnail/train/average': 0.8482045088566829, 'model/all/train/micro_average': 0.8482045088566829, 'model/all/train/macro_average': 0.8482045088566829, 'model/all/train/lr': 5.000000000000002e-09, 'Thumbnail/Thumbnail/valid/precision': 0.8311688311688312, 'Thumbnail/Thumbnail/valid/recall': 0.927536231884058, 'Thumbnail/Thumbnail/valid/f1': 0.8767123287671235, 'Thumbnail/Thumbnail/valid/loss': 0.12606905, 'Thumbnail/Thumbnail/valid/average': 0.8784724639400041, 'Thumbnail/Thumbnail/test/precision': 0.5941422594142259, 'Thumbnail/Thumbnail/test/recall': 0.8875, 'Thumbnail/Thumbnail/test/f1': 0.7117794486215538, 'Thumbnail/Thumbnail/test/loss': 0.29263815, 'Thumbnail/Thumbnail/test/average': 0.7311405693452601, 'model/all/valid/micro_average': 0.8784724639400041, 'model/all/valid/macro_average': 0.8784724639400041, 'model/all/valid/loss': 0.12606905, 'model/all/test/micro_average': 0.7311405693452601, 'model/all/test/macro_average': 0.7311405693452601, 'model/all/test/loss': 0.29263815, 'model/all/all/micro_average': 0.804806516642632, 'model/all/all/macro_average': 0.8048065166426321, 'model/all/all/loss': 0.2093536}
[2020-04-16 22:30:10,379][INFO] emmental.logging.checkpointer:141 - Save checkpoint of 10.0 epoch at /dfs/scratch1/senwu/mmtl/test/hack_tecs/hack/hack/circular_connectors/logs/2020-04-16_20-38-29/2020_04_16/22_22_22/98eb87fb/checkpoint_10.0.pth.
[2020-04-16 22:31:06,829][INFO] emmental.learner:392 - Epoch: 11.00 {'Thumbnail/Thumbnail/train/loss': 0.20373901757709764, 'model/all/train/loss': 0.20373901757709764, 'Thumbnail/Thumbnail/train/precision': 0.8235294117647058, 'Thumbnail/Thumbnail/train/recall': 0.8115942028985508, 'Thumbnail/Thumbnail/train/f1': 0.8175182481751825, 'Thumbnail/Thumbnail/train/average': 0.817547287612813, 'model/all/train/micro_average': 0.817547287612813, 'model/all/train/macro_average': 0.817547287612813, 'model/all/train/lr': 5.000000000000002e-09, 'Thumbnail/Thumbnail/valid/precision': 0.8205128205128205, 'Thumbnail/Thumbnail/valid/recall': 0.927536231884058, 'Thumbnail/Thumbnail/valid/f1': 0.870748299319728, 'Thumbnail/Thumbnail/valid/loss': 0.14078924, 'Thumbnail/Thumbnail/valid/average': 0.8729324505722021, 'Thumbnail/Thumbnail/test/precision': 0.55859375, 'Thumbnail/Thumbnail/test/recall': 0.89375, 'Thumbnail/Thumbnail/test/f1': 0.6875, 'Thumbnail/Thumbnail/test/loss': 0.32979497, 'Thumbnail/Thumbnail/test/average': 0.71328125, 'model/all/valid/micro_average': 0.8729324505722021, 'model/all/valid/macro_average': 0.8729324505722021, 'model/all/valid/loss': 0.14078924, 'model/all/test/micro_average': 0.71328125, 'model/all/test/macro_average': 0.71328125, 'model/all/test/loss': 0.32979497, 'model/all/all/micro_average': 0.7931068502861011, 'model/all/all/macro_average': 0.7931068502861011, 'model/all/all/loss': 0.2352921}
[2020-04-16 22:31:08,742][INFO] emmental.logging.checkpointer:141 - Save checkpoint of 11.0 epoch at /dfs/scratch1/senwu/mmtl/test/hack_tecs/hack/hack/circular_connectors/logs/2020-04-16_20-38-29/2020_04_16/22_22_22/98eb87fb/checkpoint_11.0.pth.
[2020-04-16 22:32:15,599][INFO] emmental.learner:392 - Epoch: 12.00 {'Thumbnail/Thumbnail/train/loss': 0.19826105362005844, 'model/all/train/loss': 0.19826105362005844, 'Thumbnail/Thumbnail/train/precision': 0.7808219178082192, 'Thumbnail/Thumbnail/train/recall': 0.8260869565217391, 'Thumbnail/Thumbnail/train/f1': 0.8028169014084506, 'Thumbnail/Thumbnail/train/average': 0.8032419252461364, 'model/all/train/micro_average': 0.8032419252461364, 'model/all/train/macro_average': 0.8032419252461364, 'model/all/train/lr': 5.000000000000002e-09, 'Thumbnail/Thumbnail/valid/precision': 0.8533333333333334, 'Thumbnail/Thumbnail/valid/recall': 0.927536231884058, 'Thumbnail/Thumbnail/valid/f1': 0.888888888888889, 'Thumbnail/Thumbnail/valid/loss': 0.12207292, 'Thumbnail/Thumbnail/valid/average': 0.8899194847020935, 'Thumbnail/Thumbnail/test/precision': 0.5966386554621849, 'Thumbnail/Thumbnail/test/recall': 0.8875, 'Thumbnail/Thumbnail/test/f1': 0.71356783919598, 'Thumbnail/Thumbnail/test/loss': 0.2860111, 'Thumbnail/Thumbnail/test/average': 0.7325688315527216, 'model/all/valid/micro_average': 0.8899194847020935, 'model/all/valid/macro_average': 0.8899194847020935, 'model/all/valid/loss': 0.12207292, 'model/all/test/micro_average': 0.7325688315527216, 'model/all/test/macro_average': 0.7325688315527216, 'model/all/test/loss': 0.2860111, 'model/all/all/micro_average': 0.8112441581274075, 'model/all/all/macro_average': 0.8112441581274075, 'model/all/all/loss': 0.20404202}
[2020-04-16 22:32:16,642][INFO] emmental.logging.checkpointer:141 - Save checkpoint of 12.0 epoch at /dfs/scratch1/senwu/mmtl/test/hack_tecs/hack/hack/circular_connectors/logs/2020-04-16_20-38-29/2020_04_16/22_22_22/98eb87fb/checkpoint_12.0.pth.
[2020-04-16 22:33:14,558][INFO] emmental.learner:392 - Epoch: 13.00 {'Thumbnail/Thumbnail/train/loss': 0.19630142552963156, 'model/all/train/loss': 0.19630142552963156, 'Thumbnail/Thumbnail/train/precision': 0.8028169014084507, 'Thumbnail/Thumbnail/train/recall': 0.8260869565217391, 'Thumbnail/Thumbnail/train/f1': 0.8142857142857144, 'Thumbnail/Thumbnail/train/average': 0.814396524071968, 'model/all/train/micro_average': 0.814396524071968, 'model/all/train/macro_average': 0.814396524071968, 'model/all/train/lr': 5.000000000000002e-09, 'Thumbnail/Thumbnail/valid/precision': 0.8205128205128205, 'Thumbnail/Thumbnail/valid/recall': 0.927536231884058, 'Thumbnail/Thumbnail/valid/f1': 0.870748299319728, 'Thumbnail/Thumbnail/valid/loss': 0.1368444, 'Thumbnail/Thumbnail/valid/average': 0.8729324505722021, 'Thumbnail/Thumbnail/test/precision': 0.5766129032258065, 'Thumbnail/Thumbnail/test/recall': 0.89375, 'Thumbnail/Thumbnail/test/f1': 0.7009803921568627, 'Thumbnail/Thumbnail/test/loss': 0.31405538, 'Thumbnail/Thumbnail/test/average': 0.7237810984608898, 'model/all/valid/micro_average': 0.8729324505722021, 'model/all/valid/macro_average': 0.8729324505722021, 'model/all/valid/loss': 0.1368444, 'model/all/test/micro_average': 0.7237810984608898, 'model/all/test/macro_average': 0.7237810984608898, 'model/all/test/loss': 0.31405538, 'model/all/all/micro_average': 0.798356774516546, 'model/all/all/macro_average': 0.798356774516546, 'model/all/all/loss': 0.22544989}
[2020-04-16 22:33:15,659][INFO] emmental.logging.checkpointer:141 - Save checkpoint of 13.0 epoch at /dfs/scratch1/senwu/mmtl/test/hack_tecs/hack/hack/circular_connectors/logs/2020-04-16_20-38-29/2020_04_16/22_22_22/98eb87fb/checkpoint_13.0.pth.
[2020-04-16 22:34:02,428][INFO] emmental.learner:392 - Epoch: 14.00 {'Thumbnail/Thumbnail/train/loss': 0.18292634771359678, 'model/all/train/loss': 0.18292634771359678, 'Thumbnail/Thumbnail/train/precision': 0.8309859154929577, 'Thumbnail/Thumbnail/train/recall': 0.855072463768116, 'Thumbnail/Thumbnail/train/f1': 0.8428571428571429, 'Thumbnail/Thumbnail/train/average': 0.8429718407060722, 'model/all/train/micro_average': 0.8429718407060722, 'model/all/train/macro_average': 0.8429718407060722, 'model/all/train/lr': 5.000000000000002e-09, 'Thumbnail/Thumbnail/valid/precision': 0.8311688311688312, 'Thumbnail/Thumbnail/valid/recall': 0.927536231884058, 'Thumbnail/Thumbnail/valid/f1': 0.8767123287671235, 'Thumbnail/Thumbnail/valid/loss': 0.13626392, 'Thumbnail/Thumbnail/valid/average': 0.8784724639400041, 'Thumbnail/Thumbnail/test/precision': 0.5748987854251012, 'Thumbnail/Thumbnail/test/recall': 0.8875, 'Thumbnail/Thumbnail/test/f1': 0.6977886977886978, 'Thumbnail/Thumbnail/test/loss': 0.31520918, 'Thumbnail/Thumbnail/test/average': 0.7200624944045998, 'model/all/valid/micro_average': 0.8784724639400041, 'model/all/valid/macro_average': 0.8784724639400041, 'model/all/valid/loss': 0.13626392, 'model/all/test/micro_average': 0.7200624944045998, 'model/all/test/macro_average': 0.7200624944045998, 'model/all/test/loss': 0.31520918, 'model/all/all/micro_average': 0.7992674791723019, 'model/all/all/macro_average': 0.799267479172302, 'model/all/all/loss': 0.22573656}
[2020-04-16 22:34:03,242][INFO] emmental.logging.checkpointer:141 - Save checkpoint of 14.0 epoch at /dfs/scratch1/senwu/mmtl/test/hack_tecs/hack/hack/circular_connectors/logs/2020-04-16_20-38-29/2020_04_16/22_22_22/98eb87fb/checkpoint_14.0.pth.
[2020-04-16 22:35:07,246][INFO] emmental.learner:392 - Epoch: 15.00 {'Thumbnail/Thumbnail/train/loss': 0.18580921859404373, 'model/all/train/loss': 0.18580921859404373, 'Thumbnail/Thumbnail/train/precision': 0.8309859154929577, 'Thumbnail/Thumbnail/train/recall': 0.855072463768116, 'Thumbnail/Thumbnail/train/f1': 0.8428571428571429, 'Thumbnail/Thumbnail/train/average': 0.8429718407060722, 'model/all/train/micro_average': 0.8429718407060722, 'model/all/train/macro_average': 0.8429718407060722, 'model/all/train/lr': 5.000000000000002e-09, 'Thumbnail/Thumbnail/valid/precision': 0.8533333333333334, 'Thumbnail/Thumbnail/valid/recall': 0.927536231884058, 'Thumbnail/Thumbnail/valid/f1': 0.888888888888889, 'Thumbnail/Thumbnail/valid/loss': 0.12358997, 'Thumbnail/Thumbnail/valid/average': 0.8899194847020935, 'Thumbnail/Thumbnail/test/precision': 0.5941422594142259, 'Thumbnail/Thumbnail/test/recall': 0.8875, 'Thumbnail/Thumbnail/test/f1': 0.7117794486215538, 'Thumbnail/Thumbnail/test/loss': 0.28679726, 'Thumbnail/Thumbnail/test/average': 0.7311405693452601, 'model/all/valid/micro_average': 0.8899194847020935, 'model/all/valid/macro_average': 0.8899194847020935, 'model/all/valid/loss': 0.12358997, 'model/all/test/micro_average': 0.7311405693452601, 'model/all/test/macro_average': 0.7311405693452601, 'model/all/test/loss': 0.28679726, 'model/all/all/micro_average': 0.8105300270236767, 'model/all/all/macro_average': 0.8105300270236768, 'model/all/all/loss': 0.20519361}
[2020-04-16 22:35:08,394][INFO] emmental.logging.checkpointer:141 - Save checkpoint of 15.0 epoch at /dfs/scratch1/senwu/mmtl/test/hack_tecs/hack/hack/circular_connectors/logs/2020-04-16_20-38-29/2020_04_16/22_22_22/98eb87fb/checkpoint_15.0.pth.
[2020-04-16 22:36:00,389][INFO] emmental.learner:392 - Epoch: 16.00 {'Thumbnail/Thumbnail/train/loss': 0.18867095574637913, 'model/all/train/loss': 0.18867095574637913, 'Thumbnail/Thumbnail/train/precision': 0.8472222222222222, 'Thumbnail/Thumbnail/train/recall': 0.8840579710144928, 'Thumbnail/Thumbnail/train/f1': 0.8652482269503546, 'Thumbnail/Thumbnail/train/average': 0.86550947339569, 'model/all/train/micro_average': 0.86550947339569, 'model/all/train/macro_average': 0.86550947339569, 'model/all/train/lr': 5.000000000000002e-09, 'Thumbnail/Thumbnail/valid/precision': 0.8205128205128205, 'Thumbnail/Thumbnail/valid/recall': 0.927536231884058, 'Thumbnail/Thumbnail/valid/f1': 0.870748299319728, 'Thumbnail/Thumbnail/valid/loss': 0.1332953, 'Thumbnail/Thumbnail/valid/average': 0.8729324505722021, 'Thumbnail/Thumbnail/test/precision': 0.5742971887550201, 'Thumbnail/Thumbnail/test/recall': 0.89375, 'Thumbnail/Thumbnail/test/f1': 0.6992665036674817, 'Thumbnail/Thumbnail/test/loss': 0.31053618, 'Thumbnail/Thumbnail/test/average': 0.7224378974741672, 'model/all/valid/micro_average': 0.8729324505722021, 'model/all/valid/macro_average': 0.8729324505722021, 'model/all/valid/loss': 0.1332953, 'model/all/test/micro_average': 0.7224378974741672, 'model/all/test/macro_average': 0.7224378974741672, 'model/all/test/loss': 0.31053618, 'model/all/all/micro_average': 0.7976851740231847, 'model/all/all/macro_average': 0.7976851740231847, 'model/all/all/loss': 0.22191574}
[2020-04-16 22:36:04,086][INFO] emmental.logging.checkpointer:141 - Save checkpoint of 16.0 epoch at /dfs/scratch1/senwu/mmtl/test/hack_tecs/hack/hack/circular_connectors/logs/2020-04-16_20-38-29/2020_04_16/22_22_22/98eb87fb/checkpoint_16.0.pth.
[2020-04-16 22:36:49,652][INFO] emmental.learner:392 - Epoch: 17.00 {'Thumbnail/Thumbnail/train/loss': 0.20587684197667944, 'model/all/train/loss': 0.20587684197667944, 'Thumbnail/Thumbnail/train/precision': 0.7916666666666666, 'Thumbnail/Thumbnail/train/recall': 0.8260869565217391, 'Thumbnail/Thumbnail/train/f1': 0.8085106382978724, 'Thumbnail/Thumbnail/train/average': 0.8087547538287594, 'model/all/train/micro_average': 0.8087547538287594, 'model/all/train/macro_average': 0.8087547538287594, 'model/all/train/lr': 5.000000000000002e-09, 'Thumbnail/Thumbnail/valid/precision': 0.810126582278481, 'Thumbnail/Thumbnail/valid/recall': 0.927536231884058, 'Thumbnail/Thumbnail/valid/f1': 0.8648648648648648, 'Thumbnail/Thumbnail/valid/loss': 0.14112191, 'Thumbnail/Thumbnail/valid/average': 0.867509226342468, 'Thumbnail/Thumbnail/test/precision': 0.5607843137254902, 'Thumbnail/Thumbnail/test/recall': 0.89375, 'Thumbnail/Thumbnail/test/f1': 0.689156626506024, 'Thumbnail/Thumbnail/test/loss': 0.32998303, 'Thumbnail/Thumbnail/test/average': 0.7145636467438381, 'model/all/valid/micro_average': 0.867509226342468, 'model/all/valid/macro_average': 0.867509226342468, 'model/all/valid/loss': 0.14112191, 'model/all/test/micro_average': 0.7145636467438381, 'model/all/test/macro_average': 0.7145636467438381, 'model/all/test/loss': 0.32998303, 'model/all/all/micro_average': 0.7910364365431531, 'model/all/all/macro_average': 0.791036436543153, 'model/all/all/loss': 0.23555246}
[2020-04-16 22:36:57,221][INFO] emmental.logging.checkpointer:141 - Save checkpoint of 17.0 epoch at /dfs/scratch1/senwu/mmtl/test/hack_tecs/hack/hack/circular_connectors/logs/2020-04-16_20-38-29/2020_04_16/22_22_22/98eb87fb/checkpoint_17.0.pth.
[2020-04-16 22:38:11,368][INFO] emmental.learner:392 - Epoch: 18.00 {'Thumbnail/Thumbnail/train/loss': 0.1988996160740884, 'model/all/train/loss': 0.1988996160740884, 'Thumbnail/Thumbnail/train/precision': 0.8, 'Thumbnail/Thumbnail/train/recall': 0.8115942028985508, 'Thumbnail/Thumbnail/train/f1': 0.8057553956834532, 'Thumbnail/Thumbnail/train/average': 0.8057831995273347, 'model/all/train/micro_average': 0.8057831995273347, 'model/all/train/macro_average': 0.8057831995273347, 'model/all/train/lr': 5.000000000000002e-09, 'Thumbnail/Thumbnail/valid/precision': 0.810126582278481, 'Thumbnail/Thumbnail/valid/recall': 0.927536231884058, 'Thumbnail/Thumbnail/valid/f1': 0.8648648648648648, 'Thumbnail/Thumbnail/valid/loss': 0.14790955, 'Thumbnail/Thumbnail/valid/average': 0.867509226342468, 'Thumbnail/Thumbnail/test/precision': 0.5521235521235521, 'Thumbnail/Thumbnail/test/recall': 0.89375, 'Thumbnail/Thumbnail/test/f1': 0.6825775656324582, 'Thumbnail/Thumbnail/test/loss': 0.33674565, 'Thumbnail/Thumbnail/test/average': 0.7094837059186702, 'model/all/valid/micro_average': 0.867509226342468, 'model/all/valid/macro_average': 0.867509226342468, 'model/all/valid/loss': 0.14790955, 'model/all/test/micro_average': 0.7094837059186702, 'model/all/test/macro_average': 0.7094837059186702, 'model/all/test/loss': 0.33674565, 'model/all/all/micro_average': 0.7884964661305691, 'model/all/all/macro_average': 0.7884964661305691, 'model/all/all/loss': 0.2423276}
[2020-04-16 22:38:12,803][INFO] emmental.logging.checkpointer:141 - Save checkpoint of 18.0 epoch at /dfs/scratch1/senwu/mmtl/test/hack_tecs/hack/hack/circular_connectors/logs/2020-04-16_20-38-29/2020_04_16/22_22_22/98eb87fb/checkpoint_18.0.pth.
[2020-04-16 22:38:45,883][INFO] emmental.learner:392 - Epoch: 19.00 {'Thumbnail/Thumbnail/train/loss': 0.2065220108095384, 'model/all/train/loss': 0.2065220108095384, 'Thumbnail/Thumbnail/train/precision': 0.7466666666666667, 'Thumbnail/Thumbnail/train/recall': 0.8115942028985508, 'Thumbnail/Thumbnail/train/f1': 0.7777777777777779, 'Thumbnail/Thumbnail/train/average': 0.7786795491143318, 'model/all/train/micro_average': 0.7786795491143318, 'model/all/train/macro_average': 0.7786795491143318, 'model/all/train/lr': 5.000000000000002e-09, 'Thumbnail/Thumbnail/valid/precision': 0.8421052631578947, 'Thumbnail/Thumbnail/valid/recall': 0.927536231884058, 'Thumbnail/Thumbnail/valid/f1': 0.882758620689655, 'Thumbnail/Thumbnail/valid/loss': 0.1354931, 'Thumbnail/Thumbnail/valid/average': 0.884133371910536, 'Thumbnail/Thumbnail/test/precision': 0.5772357723577236, 'Thumbnail/Thumbnail/test/recall': 0.8875, 'Thumbnail/Thumbnail/test/f1': 0.6995073891625616, 'Thumbnail/Thumbnail/test/loss': 0.3057482, 'Thumbnail/Thumbnail/test/average': 0.7214143871734283, 'model/all/valid/micro_average': 0.884133371910536, 'model/all/valid/macro_average': 0.884133371910536, 'model/all/valid/loss': 0.1354931, 'model/all/test/micro_average': 0.7214143871734283, 'model/all/test/macro_average': 0.7214143871734283, 'model/all/test/loss': 0.3057482, 'model/all/all/micro_average': 0.8027738795419821, 'model/all/all/macro_average': 0.8027738795419821, 'model/all/all/loss': 0.22062065}
[2020-04-16 22:38:46,663][INFO] emmental.logging.checkpointer:141 - Save checkpoint of 19.0 epoch at /dfs/scratch1/senwu/mmtl/test/hack_tecs/hack/hack/circular_connectors/logs/2020-04-16_20-38-29/2020_04_16/22_22_22/98eb87fb/checkpoint_19.0.pth.
[2020-04-16 22:39:34,672][INFO] emmental.learner:392 - Epoch: 20.00 {'Thumbnail/Thumbnail/train/loss': 0.2109637324910027, 'model/all/train/loss': 0.2109637324910027, 'Thumbnail/Thumbnail/train/precision': 0.8082191780821918, 'Thumbnail/Thumbnail/train/recall': 0.855072463768116, 'Thumbnail/Thumbnail/train/f1': 0.8309859154929579, 'Thumbnail/Thumbnail/train/average': 0.8314258524477552, 'model/all/train/micro_average': 0.8314258524477552, 'model/all/train/macro_average': 0.8314258524477552, 'model/all/train/lr': 5.000000000000002e-09, 'Thumbnail/Thumbnail/valid/precision': 0.8311688311688312, 'Thumbnail/Thumbnail/valid/recall': 0.927536231884058, 'Thumbnail/Thumbnail/valid/f1': 0.8767123287671235, 'Thumbnail/Thumbnail/valid/loss': 0.13792889, 'Thumbnail/Thumbnail/valid/average': 0.8784724639400041, 'Thumbnail/Thumbnail/test/precision': 0.5819672131147541, 'Thumbnail/Thumbnail/test/recall': 0.8875, 'Thumbnail/Thumbnail/test/f1': 0.7029702970297029, 'Thumbnail/Thumbnail/test/loss': 0.31283116, 'Thumbnail/Thumbnail/test/average': 0.7241458367148189, 'model/all/valid/micro_average': 0.8784724639400041, 'model/all/valid/macro_average': 0.8784724639400041, 'model/all/valid/loss': 0.13792889, 'model/all/test/micro_average': 0.7241458367148189, 'model/all/test/macro_average': 0.7241458367148189, 'model/all/test/loss': 0.31283116, 'model/all/all/micro_average': 0.8013091503274116, 'model/all/all/macro_average': 0.8013091503274115, 'model/all/all/loss': 0.22538003}
[2020-04-16 22:39:35,874][INFO] emmental.logging.checkpointer:141 - Save checkpoint of 20.0 epoch at /dfs/scratch1/senwu/mmtl/test/hack_tecs/hack/hack/circular_connectors/logs/2020-04-16_20-38-29/2020_04_16/22_22_22/98eb87fb/checkpoint_20.0.pth.
[2020-04-16 22:39:38,859][INFO] emmental.logging.checkpointer:276 - Loading the best model from /dfs/scratch1/senwu/mmtl/test/hack_tecs/hack/hack/circular_connectors/logs/2020-04-16_20-38-29/2020_04_16/22_22_22/98eb87fb/best_model_Thumbnail_Thumbnail_valid_f1.pth.
[2020-04-16 22:39:39,010][INFO] emmental.model:70 - Moving model to GPU (cuda:0).
[2020-04-16 22:39:39,015][INFO] emmental.logging.checkpointer:211 - Clear all intermediate checkpoints.
[2020-04-16 22:40:11,388][WARNING] hack.circular_connectors.circular_connectors:244 - Model Score:
[2020-04-16 22:40:11,846][WARNING] hack.circular_connectors.circular_connectors:245 - precision: 0.680
[2020-04-16 22:40:11,847][WARNING] hack.circular_connectors.circular_connectors:246 - recall: 0.863
[2020-04-16 22:40:11,847][WARNING] hack.circular_connectors.circular_connectors:247 - f1: 0.760
